mode: set
github.com/posit-dev/publisher/internal/api_client/auth/tokenutil/tokenutil.go:17.54,20.16 2 1
github.com/posit-dev/publisher/internal/api_client/auth/tokenutil/tokenutil.go:20.16,22.3 1 0
github.com/posit-dev/publisher/internal/api_client/auth/tokenutil/tokenutil.go:25.2,30.16 4 1
github.com/posit-dev/publisher/internal/api_client/auth/tokenutil/tokenutil.go:30.16,32.3 1 0
github.com/posit-dev/publisher/internal/api_client/auth/tokenutil/tokenutil.go:33.2,41.16 5 1
github.com/posit-dev/publisher/internal/api_client/auth/tokenutil/tokenutil.go:41.16,43.3 1 0
github.com/posit-dev/publisher/internal/api_client/auth/tokenutil/tokenutil.go:44.2,46.56 2 1
github.com/posit-dev/publisher/internal/api_client/auth/tokenutil/tokenutil.go:50.72,53.16 2 1
github.com/posit-dev/publisher/internal/api_client/auth/tokenutil/tokenutil.go:53.16,55.3 1 1
github.com/posit-dev/publisher/internal/api_client/auth/tokenutil/tokenutil.go:58.2,59.16 2 1
github.com/posit-dev/publisher/internal/api_client/auth/tokenutil/tokenutil.go:59.16,61.3 1 1
github.com/posit-dev/publisher/internal/api_client/auth/tokenutil/tokenutil.go:63.2,63.24 1 1
github.com/posit-dev/publisher/internal/cli_types/base.go:25.65,30.2 1 1
github.com/posit-dev/publisher/internal/api_client/auth/snowflake/connection.go:44.42,46.2 1 0
github.com/posit-dev/publisher/internal/api_client/auth/snowflake/connection.go:49.67,51.16 2 1
github.com/posit-dev/publisher/internal/api_client/auth/snowflake/connection.go:51.16,53.3 1 1
github.com/posit-dev/publisher/internal/api_client/auth/snowflake/connection.go:55.2,55.33 1 1
github.com/posit-dev/publisher/internal/api_client/auth/snowflake/connection.go:55.33,57.3 1 1
github.com/posit-dev/publisher/internal/api_client/auth/snowflake/connection.go:58.2,58.67 1 1
github.com/posit-dev/publisher/internal/api_client/auth/snowflake/connection.go:63.91,71.16 5 1
github.com/posit-dev/publisher/internal/api_client/auth/snowflake/connection.go:71.16,73.3 1 0
github.com/posit-dev/publisher/internal/api_client/auth/snowflake/connection.go:75.2,75.32 1 1
github.com/posit-dev/publisher/internal/api_client/auth/snowflake/connection.go:80.96,84.16 4 1
github.com/posit-dev/publisher/internal/api_client/auth/snowflake/connection.go:84.16,86.3 1 0
github.com/posit-dev/publisher/internal/api_client/auth/snowflake/connection.go:88.2,88.19 1 1
github.com/posit-dev/publisher/internal/api_client/auth/snowflake/connection.go:93.58,97.2 1 1
github.com/posit-dev/publisher/internal/api_client/auth/snowflake/connection.go:100.57,101.32 1 1
github.com/posit-dev/publisher/internal/api_client/auth/snowflake/connection.go:101.32,103.73 1 1
github.com/posit-dev/publisher/internal/api_client/auth/snowflake/connection.go:103.73,105.4 1 1
github.com/posit-dev/publisher/internal/api_client/auth/snowflake/connection.go:107.3,107.70 1 1
github.com/posit-dev/publisher/internal/api_client/auth/snowflake/connection.go:107.70,109.4 1 1
github.com/posit-dev/publisher/internal/api_client/auth/snowflake/connection.go:111.3,111.82 1 1
github.com/posit-dev/publisher/internal/api_client/auth/snowflake/connection.go:111.82,113.4 1 1
github.com/posit-dev/publisher/internal/api_client/auth/snowflake/connection.go:115.3,115.71 1 1
github.com/posit-dev/publisher/internal/api_client/auth/snowflake/connection.go:115.71,117.4 1 1
github.com/posit-dev/publisher/internal/api_client/auth/snowflake/connection.go:119.3,119.79 1 1
github.com/posit-dev/publisher/internal/api_client/auth/snowflake/connection.go:119.79,121.4 1 0
github.com/posit-dev/publisher/internal/api_client/auth/snowflake/connection.go:123.3,123.82 1 1
github.com/posit-dev/publisher/internal/api_client/auth/snowflake/connection.go:123.82,125.4 1 1
github.com/posit-dev/publisher/internal/api_client/auth/snowflake/connection.go:130.68,134.16 2 1
github.com/posit-dev/publisher/internal/api_client/auth/snowflake/connection.go:134.16,136.3 1 1
github.com/posit-dev/publisher/internal/api_client/auth/snowflake/connection.go:138.2,139.16 2 1
github.com/posit-dev/publisher/internal/api_client/auth/snowflake/connection.go:139.16,141.3 1 0
github.com/posit-dev/publisher/internal/api_client/auth/snowflake/connection.go:142.2,146.18 3 1
github.com/posit-dev/publisher/internal/api_client/auth/snowflake/connection.go:146.18,149.3 1 1
github.com/posit-dev/publisher/internal/api_client/auth/snowflake/connection.go:149.8,152.3 1 1
github.com/posit-dev/publisher/internal/api_client/auth/snowflake/connection.go:154.2,154.16 1 1
github.com/posit-dev/publisher/internal/api_client/auth/snowflake/connection.go:154.16,156.3 1 0
github.com/posit-dev/publisher/internal/api_client/auth/snowflake/connection.go:159.2,159.29 1 1
github.com/posit-dev/publisher/internal/api_client/auth/snowflake/connection.go:159.29,160.61 1 1
github.com/posit-dev/publisher/internal/api_client/auth/snowflake/connection.go:160.61,162.4 1 1
github.com/posit-dev/publisher/internal/api_client/auth/snowflake/connection.go:166.2,168.19 2 1
github.com/posit-dev/publisher/internal/api_client/auth/snowflake/connection.go:174.80,177.41 2 1
github.com/posit-dev/publisher/internal/api_client/auth/snowflake/connection.go:177.41,179.33 2 1
github.com/posit-dev/publisher/internal/api_client/auth/snowflake/connection.go:179.33,181.4 1 1
github.com/posit-dev/publisher/internal/api_client/auth/snowflake/connection.go:185.2,185.41 1 1
github.com/posit-dev/publisher/internal/api_client/auth/snowflake/connection.go:185.41,187.33 2 1
github.com/posit-dev/publisher/internal/api_client/auth/snowflake/connection.go:187.33,189.4 1 1
github.com/posit-dev/publisher/internal/api_client/auth/snowflake/connection.go:192.2,192.99 1 1
github.com/posit-dev/publisher/internal/api_client/auth/snowflake/connection.go:202.66,205.51 2 1
github.com/posit-dev/publisher/internal/api_client/auth/snowflake/connection.go:205.51,207.3 1 1
github.com/posit-dev/publisher/internal/api_client/auth/snowflake/connection.go:209.2,210.20 2 1
github.com/posit-dev/publisher/internal/api_client/auth/snowflake/connection.go:210.20,215.3 1 1
github.com/posit-dev/publisher/internal/api_client/auth/snowflake/connection.go:217.2,217.52 1 1
github.com/posit-dev/publisher/internal/api_client/auth/snowflake/connection.go:217.52,222.3 1 1
github.com/posit-dev/publisher/internal/api_client/auth/snowflake/connection.go:224.2,224.20 1 1
github.com/posit-dev/publisher/internal/api_client/auth/snowflake/connection.go:224.20,225.22 1 1
github.com/posit-dev/publisher/internal/api_client/auth/snowflake/connection.go:226.18,230.5 1 1
github.com/posit-dev/publisher/internal/api_client/auth/snowflake/connection.go:231.17,235.5 1 1
github.com/posit-dev/publisher/internal/api_client/auth/snowflake/connection.go:236.16,240.5 1 1
github.com/posit-dev/publisher/internal/api_client/auth/snowflake/connection.go:245.2,245.13 1 1
github.com/posit-dev/publisher/internal/api_client/auth/snowflake/snowflaketest.go:15.65,18.2 2 0
github.com/posit-dev/publisher/internal/api_client/auth/snowflake/snowflaketest.go:20.66,23.2 2 0
github.com/posit-dev/publisher/internal/api_client/auth/snowflake/snowflaketest.go:31.67,34.2 2 0
github.com/posit-dev/publisher/internal/api_client/auth/snowflake/token_provider.go:49.30,51.16 2 1
github.com/posit-dev/publisher/internal/api_client/auth/snowflake/token_provider.go:51.16,53.3 1 1
github.com/posit-dev/publisher/internal/api_client/auth/snowflake/token_provider.go:56.2,57.49 2 1
github.com/posit-dev/publisher/internal/api_client/auth/snowflake/token_provider.go:57.49,59.3 1 1
github.com/posit-dev/publisher/internal/api_client/auth/snowflake/token_provider.go:61.2,62.16 2 1
github.com/posit-dev/publisher/internal/api_client/auth/snowflake/token_provider.go:62.16,64.3 1 1
github.com/posit-dev/publisher/internal/api_client/auth/snowflake/token_provider.go:66.2,74.8 2 1
github.com/posit-dev/publisher/internal/api_client/auth/snowflake/token_provider.go:78.66,81.16 2 1
github.com/posit-dev/publisher/internal/api_client/auth/snowflake/token_provider.go:81.16,83.3 1 0
github.com/posit-dev/publisher/internal/api_client/auth/snowflake/token_provider.go:86.2,87.16 2 1
github.com/posit-dev/publisher/internal/api_client/auth/snowflake/token_provider.go:87.16,89.3 1 1
github.com/posit-dev/publisher/internal/api_client/auth/snowflake/token_provider.go:91.2,91.19 1 1
github.com/posit-dev/publisher/internal/api_client/auth/snowflake/token_provider.go:94.79,97.16 2 1
github.com/posit-dev/publisher/internal/api_client/auth/snowflake/token_provider.go:97.16,99.3 1 0
github.com/posit-dev/publisher/internal/api_client/auth/snowflake/token_provider.go:102.2,121.16 7 1
github.com/posit-dev/publisher/internal/api_client/auth/snowflake/token_provider.go:121.16,123.3 1 0
github.com/posit-dev/publisher/internal/api_client/auth/snowflake/token_provider.go:125.2,125.25 1 1
github.com/posit-dev/publisher/internal/api_client/auth/snowflake/token_provider.go:128.98,130.18 2 1
github.com/posit-dev/publisher/internal/api_client/auth/snowflake/token_provider.go:130.18,132.3 1 1
github.com/posit-dev/publisher/internal/api_client/auth/snowflake/token_provider.go:134.2,141.16 3 1
github.com/posit-dev/publisher/internal/api_client/auth/snowflake/token_provider.go:141.16,143.3 1 0
github.com/posit-dev/publisher/internal/api_client/auth/snowflake/token_provider.go:144.2,146.28 2 1
github.com/posit-dev/publisher/internal/api_client/auth/snowflake/token_provider.go:146.28,148.3 1 1
github.com/posit-dev/publisher/internal/api_client/auth/snowflake/token_provider.go:150.2,151.16 2 1
github.com/posit-dev/publisher/internal/api_client/auth/snowflake/token_provider.go:151.16,153.3 1 0
github.com/posit-dev/publisher/internal/api_client/auth/snowflake/token_provider.go:155.2,155.33 1 1
github.com/posit-dev/publisher/internal/api_client/auth/snowflake/token_provider.go:171.78,177.2 1 1
github.com/posit-dev/publisher/internal/api_client/auth/snowflake/token_provider.go:191.68,205.16 3 1
github.com/posit-dev/publisher/internal/api_client/auth/snowflake/token_provider.go:205.16,207.3 1 0
github.com/posit-dev/publisher/internal/api_client/auth/snowflake/token_provider.go:209.2,210.16 2 1
github.com/posit-dev/publisher/internal/api_client/auth/snowflake/token_provider.go:210.16,212.3 1 0
github.com/posit-dev/publisher/internal/api_client/auth/snowflake/token_provider.go:213.2,217.16 4 1
github.com/posit-dev/publisher/internal/api_client/auth/snowflake/token_provider.go:217.16,219.3 1 0
github.com/posit-dev/publisher/internal/api_client/auth/snowflake/token_provider.go:220.2,222.28 2 1
github.com/posit-dev/publisher/internal/api_client/auth/snowflake/token_provider.go:222.28,224.3 1 1
github.com/posit-dev/publisher/internal/api_client/auth/snowflake/token_provider.go:226.2,227.16 2 1
github.com/posit-dev/publisher/internal/api_client/auth/snowflake/token_provider.go:227.16,229.3 1 0
github.com/posit-dev/publisher/internal/api_client/auth/snowflake/token_provider.go:233.2,241.16 5 1
github.com/posit-dev/publisher/internal/api_client/auth/snowflake/token_provider.go:241.16,243.3 1 1
github.com/posit-dev/publisher/internal/api_client/auth/snowflake/token_provider.go:245.2,245.27 1 1
github.com/posit-dev/publisher/internal/api_client/auth/snowflake/token_provider.go:245.27,247.3 1 1
github.com/posit-dev/publisher/internal/api_client/auth/snowflake/token_provider.go:249.2,249.29 1 1
github.com/posit-dev/publisher/internal/clients/connect_cloud_upload/client_connect_cloud_upload.go:26.41,35.2 2 1
github.com/posit-dev/publisher/internal/clients/connect_cloud_upload/client_connect_cloud_upload.go:38.80,40.16 2 1
github.com/posit-dev/publisher/internal/clients/connect_cloud_upload/client_connect_cloud_upload.go:40.16,42.3 1 0
github.com/posit-dev/publisher/internal/clients/connect_cloud_upload/client_connect_cloud_upload.go:45.2,49.16 3 1
github.com/posit-dev/publisher/internal/clients/connect_cloud_upload/client_connect_cloud_upload.go:49.16,51.3 1 0
github.com/posit-dev/publisher/internal/clients/connect_cloud_upload/client_connect_cloud_upload.go:52.2,55.27 2 1
github.com/posit-dev/publisher/internal/clients/connect_cloud_upload/client_connect_cloud_upload.go:55.27,59.3 3 1
github.com/posit-dev/publisher/internal/clients/connect_cloud_upload/client_connect_cloud_upload.go:61.2,62.12 2 1
github.com/posit-dev/publisher/internal/clients/connect_cloud_upload/mock_client.go:17.46,19.2 1 0
github.com/posit-dev/publisher/internal/clients/connect_cloud_upload/mock_client.go:24.72,27.2 2 0
github.com/posit-dev/publisher/internal/bundles/matcher/match_file.go:18.95,22.35 3 1
github.com/posit-dev/publisher/internal/bundles/matcher/match_file.go:22.35,24.17 2 1
github.com/posit-dev/publisher/internal/bundles/matcher/match_file.go:24.17,26.4 1 1
github.com/posit-dev/publisher/internal/bundles/matcher/match_file.go:27.3,27.21 1 1
github.com/posit-dev/publisher/internal/bundles/matcher/match_file.go:27.21,28.12 1 1
github.com/posit-dev/publisher/internal/bundles/matcher/match_file.go:30.3,30.39 1 1
github.com/posit-dev/publisher/internal/bundles/matcher/match_file.go:33.2,36.8 1 1
github.com/posit-dev/publisher/internal/bundles/matcher/match_file.go:39.116,42.35 2 0
github.com/posit-dev/publisher/internal/bundles/matcher/match_file.go:42.35,44.17 2 0
github.com/posit-dev/publisher/internal/bundles/matcher/match_file.go:44.17,46.4 1 0
github.com/posit-dev/publisher/internal/bundles/matcher/match_file.go:47.3,47.21 1 0
github.com/posit-dev/publisher/internal/bundles/matcher/match_file.go:47.21,48.12 1 0
github.com/posit-dev/publisher/internal/bundles/matcher/match_file.go:50.3,50.39 1 0
github.com/posit-dev/publisher/internal/bundles/matcher/match_file.go:53.2,56.8 1 0
github.com/posit-dev/publisher/internal/bundles/matcher/match_file.go:59.53,62.37 2 1
github.com/posit-dev/publisher/internal/bundles/matcher/match_file.go:62.37,63.42 1 1
github.com/posit-dev/publisher/internal/bundles/matcher/match_file.go:63.42,65.4 1 1
github.com/posit-dev/publisher/internal/bundles/matcher/match_file.go:67.2,67.14 1 1
github.com/posit-dev/publisher/internal/bundles/matcher/match_file.go:70.46,77.2 1 1
github.com/posit-dev/publisher/internal/bundles/matcher/match_file.go:79.49,85.2 1 1
github.com/posit-dev/publisher/internal/bundles/matcher/match_file.go:87.57,90.22 2 1
github.com/posit-dev/publisher/internal/bundles/matcher/match_file.go:90.22,91.40 1 1
github.com/posit-dev/publisher/internal/bundles/matcher/match_file.go:91.40,93.4 1 1
github.com/posit-dev/publisher/internal/bundles/matcher/match_file.go:94.3,94.19 1 1
github.com/posit-dev/publisher/internal/bundles/matcher/match_file.go:96.2,96.21 1 1
github.com/posit-dev/publisher/internal/bundles/matcher/match_file.go:99.107,106.16 4 1
github.com/posit-dev/publisher/internal/bundles/matcher/match_file.go:106.16,109.3 1 1
github.com/posit-dev/publisher/internal/bundles/matcher/match_file.go:110.2,110.20 1 1
github.com/posit-dev/publisher/internal/bundles/matcher/match_file.go:110.20,114.3 1 1
github.com/posit-dev/publisher/internal/bundles/matcher/match_file.go:115.2,115.20 1 1
github.com/posit-dev/publisher/internal/bundles/matcher/match_file.go:115.20,120.3 2 1
github.com/posit-dev/publisher/internal/bundles/matcher/match_file.go:121.2,121.68 1 1
github.com/posit-dev/publisher/internal/bundles/matcher/match_file.go:121.68,125.3 1 1
github.com/posit-dev/publisher/internal/bundles/matcher/match_file.go:127.2,136.40 4 1
github.com/posit-dev/publisher/internal/bundles/matcher/match_file.go:136.40,144.3 2 1
github.com/posit-dev/publisher/internal/bundles/matcher/match_file.go:146.2,147.76 2 1
github.com/posit-dev/publisher/internal/bundles/matcher/match_file.go:147.76,154.3 3 1
github.com/posit-dev/publisher/internal/bundles/matcher/match_file.go:154.8,159.3 1 1
github.com/posit-dev/publisher/internal/bundles/matcher/match_file.go:166.2,188.14 8 1
github.com/posit-dev/publisher/internal/bundles/matcher/match_file.go:188.14,193.3 1 1
github.com/posit-dev/publisher/internal/bundles/matcher/match_file.go:193.8,197.3 1 1
github.com/posit-dev/publisher/internal/bundles/matcher/match_file.go:199.2,205.16 3 1
github.com/posit-dev/publisher/internal/bundles/matcher/match_file.go:205.16,207.3 1 1
github.com/posit-dev/publisher/internal/bundles/matcher/match_file.go:209.2,210.29 2 1
github.com/posit-dev/publisher/internal/bundles/matcher/match_file.go:210.29,212.3 1 1
github.com/posit-dev/publisher/internal/bundles/matcher/match_file.go:214.2,215.29 2 1
github.com/posit-dev/publisher/internal/bundles/matcher/match_file.go:215.29,217.3 1 0
github.com/posit-dev/publisher/internal/bundles/matcher/match_file.go:218.2,225.8 1 1
github.com/posit-dev/publisher/internal/bundles/matcher/match_list.go:18.89,20.16 2 1
github.com/posit-dev/publisher/internal/bundles/matcher/match_list.go:20.16,22.3 1 1
github.com/posit-dev/publisher/internal/bundles/matcher/match_list.go:23.2,25.8 1 1
github.com/posit-dev/publisher/internal/bundles/matcher/match_list.go:28.117,30.16 2 0
github.com/posit-dev/publisher/internal/bundles/matcher/match_list.go:30.16,32.3 1 0
github.com/posit-dev/publisher/internal/bundles/matcher/match_list.go:34.2,35.12 2 0
github.com/posit-dev/publisher/internal/bundles/matcher/match_list.go:38.71,43.25 4 1
github.com/posit-dev/publisher/internal/bundles/matcher/match_list.go:43.25,45.3 1 1
github.com/posit-dev/publisher/internal/bundles/matcher/match_list.go:47.2,47.28 1 1
github.com/posit-dev/publisher/internal/bundles/matcher/match_list.go:47.28,49.23 2 1
github.com/posit-dev/publisher/internal/bundles/matcher/match_list.go:49.23,51.4 1 1
github.com/posit-dev/publisher/internal/bundles/matcher/match_list.go:53.2,53.14 1 1
github.com/posit-dev/publisher/internal/bundles/matcher/mock_match_list.go:14.114,17.2 2 0
github.com/posit-dev/publisher/internal/bundles/matcher/mock_match_list.go:19.64,22.2 2 0
github.com/posit-dev/publisher/internal/bundles/matcher/walker.go:63.87,64.83 1 1
github.com/posit-dev/publisher/internal/bundles/matcher/walker.go:64.83,65.19 1 1
github.com/posit-dev/publisher/internal/bundles/matcher/walker.go:65.19,67.20 2 1
github.com/posit-dev/publisher/internal/bundles/matcher/walker.go:67.20,71.30 1 1
github.com/posit-dev/publisher/internal/bundles/matcher/walker.go:71.30,74.6 2 0
github.com/posit-dev/publisher/internal/bundles/matcher/walker.go:77.5,77.73 1 1
github.com/posit-dev/publisher/internal/bundles/matcher/walker.go:77.73,80.6 2 1
github.com/posit-dev/publisher/internal/bundles/matcher/walker.go:81.10,82.30 1 1
github.com/posit-dev/publisher/internal/bundles/matcher/walker.go:82.30,84.6 1 1
github.com/posit-dev/publisher/internal/bundles/matcher/walker.go:87.3,87.39 1 1
github.com/posit-dev/publisher/internal/bundles/matcher/walker.go:87.39,90.4 2 1
github.com/posit-dev/publisher/internal/bundles/matcher/walker.go:91.3,91.17 1 1
github.com/posit-dev/publisher/internal/bundles/matcher/walker.go:91.17,94.4 2 1
github.com/posit-dev/publisher/internal/bundles/matcher/walker.go:95.3,95.29 1 1
github.com/posit-dev/publisher/internal/bundles/matcher/walker.go:102.116,105.16 3 1
github.com/posit-dev/publisher/internal/bundles/matcher/walker.go:105.16,107.3 1 0
github.com/posit-dev/publisher/internal/bundles/matcher/walker.go:108.2,111.8 1 1
github.com/posit-dev/publisher/internal/clients/types/apptypes.go:38.51,39.11 1 1
github.com/posit-dev/publisher/internal/clients/types/apptypes.go:44.24,45.29 1 1
github.com/posit-dev/publisher/internal/clients/types/apptypes.go:46.15,47.24 1 1
github.com/posit-dev/publisher/internal/clients/types/apptypes.go:48.32,49.27 1 1
github.com/posit-dev/publisher/internal/clients/types/apptypes.go:50.40,51.28 1 1
github.com/posit-dev/publisher/internal/clients/types/apptypes.go:52.47,53.32 1 1
github.com/posit-dev/publisher/internal/clients/types/apptypes.go:54.24,55.25 1 1
github.com/posit-dev/publisher/internal/clients/types/apptypes.go:56.37,57.28 1 1
github.com/posit-dev/publisher/internal/clients/types/apptypes.go:58.29,59.29 1 1
github.com/posit-dev/publisher/internal/clients/types/apptypes.go:60.39,61.34 1 1
github.com/posit-dev/publisher/internal/clients/types/apptypes.go:62.31,63.30 1 1
github.com/posit-dev/publisher/internal/clients/types/apptypes.go:64.43,65.32 1 1
github.com/posit-dev/publisher/internal/clients/types/apptypes.go:66.33,67.31 1 1
github.com/posit-dev/publisher/internal/clients/types/apptypes.go:68.31,69.30 1 1
github.com/posit-dev/publisher/internal/clients/types/apptypes.go:70.33,71.30 1 1
github.com/posit-dev/publisher/internal/clients/types/apptypes.go:72.22,73.30 1 1
github.com/posit-dev/publisher/internal/clients/types/apptypes.go:74.33,75.31 1 1
github.com/posit-dev/publisher/internal/clients/types/apptypes.go:76.32,77.31 1 1
github.com/posit-dev/publisher/internal/clients/types/apptypes.go:78.21,79.26 1 1
github.com/posit-dev/publisher/internal/clients/types/apptypes.go:80.10,81.69 1 1
github.com/posit-dev/publisher/internal/clients/types/apptypes.go:85.55,87.16 2 1
github.com/posit-dev/publisher/internal/clients/types/apptypes.go:87.16,89.3 1 1
github.com/posit-dev/publisher/internal/clients/types/apptypes.go:90.2,91.12 2 1
github.com/posit-dev/publisher/internal/clients/types/apptypes.go:96.41,98.2 1 1
github.com/posit-dev/publisher/internal/clients/types/apptypes.go:102.36,105.2 2 1
github.com/posit-dev/publisher/internal/clients/types/apptypes.go:107.39,108.11 1 1
github.com/posit-dev/publisher/internal/clients/types/apptypes.go:109.19,110.32 1 1
github.com/posit-dev/publisher/internal/clients/types/apptypes.go:111.17,112.35 1 1
github.com/posit-dev/publisher/internal/clients/types/apptypes.go:113.20,114.37 1 1
github.com/posit-dev/publisher/internal/clients/types/apptypes.go:115.21,116.31 1 1
github.com/posit-dev/publisher/internal/clients/types/apptypes.go:117.25,118.28 1 1
github.com/posit-dev/publisher/internal/clients/types/apptypes.go:119.18,120.26 1 1
github.com/posit-dev/publisher/internal/clients/types/apptypes.go:121.22,122.23 1 1
github.com/posit-dev/publisher/internal/clients/types/apptypes.go:123.21,124.22 1 1
github.com/posit-dev/publisher/internal/clients/types/apptypes.go:125.22,126.28 1 1
github.com/posit-dev/publisher/internal/clients/types/apptypes.go:127.27,128.33 1 1
github.com/posit-dev/publisher/internal/clients/types/apptypes.go:129.23,130.29 1 1
github.com/posit-dev/publisher/internal/clients/types/apptypes.go:131.25,132.31 1 1
github.com/posit-dev/publisher/internal/clients/types/apptypes.go:133.24,134.30 1 1
github.com/posit-dev/publisher/internal/clients/types/apptypes.go:135.23,136.29 1 1
github.com/posit-dev/publisher/internal/clients/types/apptypes.go:137.23,138.40 1 1
github.com/posit-dev/publisher/internal/clients/types/apptypes.go:139.23,140.33 1 1
github.com/posit-dev/publisher/internal/clients/types/apptypes.go:141.24,142.27 1 1
github.com/posit-dev/publisher/internal/clients/types/apptypes.go:143.24,144.38 1 1
github.com/posit-dev/publisher/internal/clients/types/apptypes.go:145.10,146.32 1 1
github.com/posit-dev/publisher/internal/clients/types/apptypes.go:171.58,173.9 2 1
github.com/posit-dev/publisher/internal/clients/types/apptypes.go:173.9,175.3 1 1
github.com/posit-dev/publisher/internal/clients/types/apptypes.go:176.2,176.13 1 1
github.com/posit-dev/publisher/internal/clients/types/apptypes.go:199.65,201.9 2 0
github.com/posit-dev/publisher/internal/clients/types/apptypes.go:201.9,203.3 1 0
github.com/posit-dev/publisher/internal/clients/types/apptypes.go:204.2,204.20 1 0
github.com/posit-dev/publisher/internal/clients/types/types.go:162.99,163.21 1 0
github.com/posit-dev/publisher/internal/clients/types/types.go:164.47,165.33 1 0
github.com/posit-dev/publisher/internal/clients/types/types.go:166.43,167.31 1 0
github.com/posit-dev/publisher/internal/clients/types/types.go:168.42,169.30 1 0
github.com/posit-dev/publisher/internal/clients/types/types.go:170.75,171.31 1 0
github.com/posit-dev/publisher/internal/clients/types/types.go:172.47,173.35 1 0
github.com/posit-dev/publisher/internal/clients/types/types.go:174.117,175.32 1 0
github.com/posit-dev/publisher/internal/clients/types/types.go:176.41,177.35 1 0
github.com/posit-dev/publisher/internal/clients/types/types.go:178.36,179.32 1 0
github.com/posit-dev/publisher/internal/clients/types/types.go:181.2,181.91 1 0
github.com/posit-dev/publisher/internal/config/config.go:20.20,28.2 2 1
github.com/posit-dev/publisher/internal/config/config.go:30.61,32.2 1 1
github.com/posit-dev/publisher/internal/config/config.go:34.81,35.22 1 1
github.com/posit-dev/publisher/internal/config/config.go:35.22,37.3 1 1
github.com/posit-dev/publisher/internal/config/config.go:38.2,38.45 1 1
github.com/posit-dev/publisher/internal/config/config.go:38.45,40.3 1 1
github.com/posit-dev/publisher/internal/config/config.go:41.2,41.44 1 1
github.com/posit-dev/publisher/internal/config/config.go:44.75,47.2 2 0
github.com/posit-dev/publisher/internal/config/config.go:49.68,52.16 3 1
github.com/posit-dev/publisher/internal/config/config.go:52.16,54.3 1 0
github.com/posit-dev/publisher/internal/config/config.go:55.2,56.29 2 1
github.com/posit-dev/publisher/internal/config/config.go:56.29,57.36 1 1
github.com/posit-dev/publisher/internal/config/config.go:57.36,58.9 1 1
github.com/posit-dev/publisher/internal/config/config.go:60.3,60.40 1 1
github.com/posit-dev/publisher/internal/config/config.go:62.2,62.22 1 1
github.com/posit-dev/publisher/internal/config/config.go:65.56,67.16 2 1
github.com/posit-dev/publisher/internal/config/config.go:67.16,69.3 1 1
github.com/posit-dev/publisher/internal/config/config.go:70.2,72.16 3 1
github.com/posit-dev/publisher/internal/config/config.go:72.16,74.3 1 0
github.com/posit-dev/publisher/internal/config/config.go:75.2,76.16 2 1
github.com/posit-dev/publisher/internal/config/config.go:76.16,78.3 1 0
github.com/posit-dev/publisher/internal/config/config.go:79.2,82.16 3 1
github.com/posit-dev/publisher/internal/config/config.go:82.16,84.3 1 0
github.com/posit-dev/publisher/internal/config/config.go:86.2,86.17 1 1
github.com/posit-dev/publisher/internal/config/config.go:91.34,92.38 1 1
github.com/posit-dev/publisher/internal/config/config.go:92.38,96.3 2 0
github.com/posit-dev/publisher/internal/config/config.go:97.2,97.12 1 1
github.com/posit-dev/publisher/internal/config/config.go:100.49,102.16 2 1
github.com/posit-dev/publisher/internal/config/config.go:102.16,104.3 1 0
github.com/posit-dev/publisher/internal/config/config.go:105.2,105.41 1 1
github.com/posit-dev/publisher/internal/config/config.go:108.45,109.39 1 1
github.com/posit-dev/publisher/internal/config/config.go:109.39,111.17 2 1
github.com/posit-dev/publisher/internal/config/config.go:111.17,113.4 1 0
github.com/posit-dev/publisher/internal/config/config.go:115.2,116.24 2 1
github.com/posit-dev/publisher/internal/config/config.go:119.60,121.16 2 1
github.com/posit-dev/publisher/internal/config/config.go:121.16,123.3 1 1
github.com/posit-dev/publisher/internal/config/config.go:124.2,125.16 2 1
github.com/posit-dev/publisher/internal/config/config.go:125.16,127.3 1 0
github.com/posit-dev/publisher/internal/config/config.go:128.2,129.21 2 1
github.com/posit-dev/publisher/internal/config/types.go:41.37,42.25 1 1
github.com/posit-dev/publisher/internal/config/types.go:42.25,44.3 1 1
github.com/posit-dev/publisher/internal/config/types.go:47.37,48.23 1 1
github.com/posit-dev/publisher/internal/config/types.go:48.23,50.3 1 0
github.com/posit-dev/publisher/internal/config/types.go:51.2,51.20 1 1
github.com/posit-dev/publisher/internal/config/types.go:54.42,55.28 1 0
github.com/posit-dev/publisher/internal/config/types.go:55.28,57.3 1 0
github.com/posit-dev/publisher/internal/config/types.go:58.2,58.25 1 0
github.com/posit-dev/publisher/internal/config/types.go:62.47,63.36 1 1
github.com/posit-dev/publisher/internal/config/types.go:63.36,65.22 1 1
github.com/posit-dev/publisher/internal/config/types.go:65.22,70.30 4 1
github.com/posit-dev/publisher/internal/config/types.go:70.30,73.37 2 1
github.com/posit-dev/publisher/internal/config/types.go:73.37,75.6 1 1
github.com/posit-dev/publisher/internal/config/types.go:78.3,78.17 1 1
github.com/posit-dev/publisher/internal/config/types.go:78.17,83.4 4 1
github.com/posit-dev/publisher/internal/config/types.go:84.3,86.24 3 1
github.com/posit-dev/publisher/internal/config/types.go:87.8,87.38 1 1
github.com/posit-dev/publisher/internal/config/types.go:87.38,89.34 1 1
github.com/posit-dev/publisher/internal/config/types.go:89.34,91.4 1 1
github.com/posit-dev/publisher/internal/config/types.go:94.2,96.22 2 1
github.com/posit-dev/publisher/internal/config/types.go:106.39,108.2 1 1
github.com/posit-dev/publisher/internal/config/types.go:110.44,112.2 1 1
github.com/posit-dev/publisher/internal/config/types.go:114.48,115.30 1 1
github.com/posit-dev/publisher/internal/config/types.go:115.30,116.18 1 1
github.com/posit-dev/publisher/internal/config/types.go:116.18,118.4 1 1
github.com/posit-dev/publisher/internal/config/types.go:120.2,120.14 1 1
github.com/posit-dev/publisher/internal/config/types.go:134.3,135.49 1 1
github.com/posit-dev/publisher/internal/config/types.go:135.49,137.22 2 1
github.com/posit-dev/publisher/internal/config/types.go:137.22,139.33 2 1
github.com/posit-dev/publisher/internal/config/types.go:139.33,141.5 1 1
github.com/posit-dev/publisher/internal/config/types.go:143.3,143.26 1 1
github.com/posit-dev/publisher/internal/config/types.go:143.26,145.34 2 1
github.com/posit-dev/publisher/internal/config/types.go:145.34,147.5 1 1
github.com/posit-dev/publisher/internal/config/types.go:149.3,149.29 1 1
github.com/posit-dev/publisher/internal/config/types.go:149.29,151.4 1 1
github.com/posit-dev/publisher/internal/config/types.go:152.3,152.36 1 1
github.com/posit-dev/publisher/internal/config/types.go:152.36,154.4 1 1
github.com/posit-dev/publisher/internal/config/types.go:171.3,172.39 1 1
github.com/posit-dev/publisher/internal/config/types.go:172.39,174.22 2 1
github.com/posit-dev/publisher/internal/config/types.go:174.22,176.28 2 1
github.com/posit-dev/publisher/internal/config/types.go:176.28,178.5 1 1
github.com/posit-dev/publisher/internal/config/types.go:180.3,180.26 1 1
github.com/posit-dev/publisher/internal/config/types.go:180.26,182.29 2 1
github.com/posit-dev/publisher/internal/config/types.go:182.29,184.5 1 1
github.com/posit-dev/publisher/internal/config/types.go:186.3,186.29 1 1
github.com/posit-dev/publisher/internal/config/types.go:186.29,188.4 1 1
github.com/posit-dev/publisher/internal/config/types.go:189.3,189.31 1 1
github.com/posit-dev/publisher/internal/config/types.go:189.31,191.4 1 1
github.com/posit-dev/publisher/internal/config/types.go:197.37,198.25 1 1
github.com/posit-dev/publisher/internal/config/types.go:198.25,200.3 1 1
github.com/posit-dev/publisher/internal/config/types.go:201.2,201.41 1 1
github.com/posit-dev/publisher/internal/config/types.go:267.28,269.2 1 0
github.com/posit-dev/publisher/internal/deployment/deployment.go:56.41,57.35 1 1
github.com/posit-dev/publisher/internal/deployment/deployment.go:57.35,59.3 1 0
github.com/posit-dev/publisher/internal/deployment/deployment.go:60.2,60.28 1 1
github.com/posit-dev/publisher/internal/deployment/deployment.go:60.28,62.3 1 1
github.com/posit-dev/publisher/internal/deployment/deployment.go:69.24,77.2 1 1
github.com/posit-dev/publisher/internal/deployment/deployment.go:79.67,81.2 1 1
github.com/posit-dev/publisher/internal/deployment/deployment.go:83.79,85.2 1 1
github.com/posit-dev/publisher/internal/deployment/deployment.go:87.79,90.2 2 0
github.com/posit-dev/publisher/internal/deployment/deployment.go:92.54,94.2 1 0
github.com/posit-dev/publisher/internal/deployment/deployment.go:96.60,98.16 2 1
github.com/posit-dev/publisher/internal/deployment/deployment.go:98.16,100.3 1 1
github.com/posit-dev/publisher/internal/deployment/deployment.go:101.2,104.16 3 1
github.com/posit-dev/publisher/internal/deployment/deployment.go:104.16,106.3 1 0
github.com/posit-dev/publisher/internal/deployment/deployment.go:109.2,111.15 2 1
github.com/posit-dev/publisher/internal/deployment/deployment.go:114.49,116.16 2 1
github.com/posit-dev/publisher/internal/deployment/deployment.go:116.16,118.3 1 0
github.com/posit-dev/publisher/internal/deployment/deployment.go:119.2,119.41 1 1
github.com/posit-dev/publisher/internal/deployment/deployment.go:124.40,126.2 1 0
github.com/posit-dev/publisher/internal/deployment/deployment.go:128.47,130.16 2 1
github.com/posit-dev/publisher/internal/deployment/deployment.go:130.16,132.3 1 0
github.com/posit-dev/publisher/internal/deployment/deployment.go:133.2,134.22 2 1
github.com/posit-dev/publisher/internal/deployment/deployment.go:147.24,155.30 4 1
github.com/posit-dev/publisher/internal/deployment/deployment.go:155.30,160.17 2 1
github.com/posit-dev/publisher/internal/deployment/deployment.go:160.17,162.39 1 1
github.com/posit-dev/publisher/internal/deployment/deployment.go:162.39,166.5 1 0
github.com/posit-dev/publisher/internal/deployment/deployment.go:168.3,168.32 1 1
github.com/posit-dev/publisher/internal/deployment/deployment.go:168.32,169.74 1 1
github.com/posit-dev/publisher/internal/deployment/deployment.go:169.74,172.5 2 1
github.com/posit-dev/publisher/internal/deployment/deployment.go:176.2,179.16 3 1
github.com/posit-dev/publisher/internal/deployment/deployment.go:179.16,181.3 1 1
github.com/posit-dev/publisher/internal/deployment/deployment.go:182.2,183.16 2 1
github.com/posit-dev/publisher/internal/deployment/deployment.go:183.16,185.3 1 0
github.com/posit-dev/publisher/internal/deployment/deployment.go:187.2,189.16 3 1
github.com/posit-dev/publisher/internal/deployment/deployment.go:189.16,191.3 1 0
github.com/posit-dev/publisher/internal/deployment/deployment.go:192.2,192.15 1 1
github.com/posit-dev/publisher/internal/deployment/deployment_owner_registry.go:15.78,19.19 3 1
github.com/posit-dev/publisher/internal/deployment/deployment_owner_registry.go:19.19,21.3 1 1
github.com/posit-dev/publisher/internal/deployment/deployment_owner_registry.go:24.85,30.2 4 1
github.com/posit-dev/publisher/internal/deployment/deployment_owner_registry.go:32.80,37.22 4 1
github.com/posit-dev/publisher/internal/deployment/deployment_owner_registry.go:37.22,39.3 1 1
github.com/posit-dev/publisher/internal/deployment/deployment_owner_registry.go:42.43,47.2 3 1
github.com/posit-dev/publisher/internal/events/capturing_emitter.go:9.46,13.2 1 0
github.com/posit-dev/publisher/internal/events/capturing_emitter.go:15.53,18.2 2 0
github.com/posit-dev/publisher/internal/events/cli_logger.go:12.62,16.2 3 1
github.com/posit-dev/publisher/internal/events/data_emitter.go:12.67,17.2 1 1
github.com/posit-dev/publisher/internal/events/data_emitter.go:19.48,21.23 1 1
github.com/posit-dev/publisher/internal/events/data_emitter.go:21.23,23.3 1 1
github.com/posit-dev/publisher/internal/events/data_emitter.go:24.2,25.30 2 1
github.com/posit-dev/publisher/internal/events/events.go:66.73,69.16 3 0
github.com/posit-dev/publisher/internal/events/events.go:69.16,70.33 1 0
github.com/posit-dev/publisher/internal/events/events.go:70.33,71.14 1 0
github.com/posit-dev/publisher/internal/events/events.go:74.2,81.3 1 0
github.com/posit-dev/publisher/internal/events/events.go:84.55,86.2 1 1
github.com/posit-dev/publisher/internal/events/mock_emitter.go:13.36,15.2 1 1
github.com/posit-dev/publisher/internal/events/mock_emitter.go:17.48,20.2 2 1
github.com/posit-dev/publisher/internal/events/mock_sse_server.go:14.40,16.2 1 1
github.com/posit-dev/publisher/internal/events/mock_sse_server.go:18.33,20.2 1 0
github.com/posit-dev/publisher/internal/events/mock_sse_server.go:22.61,25.2 2 0
github.com/posit-dev/publisher/internal/events/mock_sse_server.go:27.49,29.2 1 0
github.com/posit-dev/publisher/internal/events/mock_sse_server.go:31.54,34.2 2 0
github.com/posit-dev/publisher/internal/events/mock_sse_server.go:36.62,38.2 1 1
github.com/posit-dev/publisher/internal/events/mock_sse_server.go:40.70,43.2 2 0
github.com/posit-dev/publisher/internal/events/null_emitter.go:7.36,9.2 1 0
github.com/posit-dev/publisher/internal/events/null_emitter.go:11.48,13.2 1 0
github.com/posit-dev/publisher/internal/events/sse_emitter.go:24.50,28.2 1 1
github.com/posit-dev/publisher/internal/events/sse_emitter.go:30.47,32.16 2 1
github.com/posit-dev/publisher/internal/events/sse_emitter.go:32.16,34.3 1 0
github.com/posit-dev/publisher/internal/events/sse_emitter.go:35.2,41.12 2 1
github.com/posit-dev/publisher/internal/events/sse_handler.go:21.53,25.2 1 1
github.com/posit-dev/publisher/internal/events/sse_handler.go:27.74,29.2 1 1
github.com/posit-dev/publisher/internal/events/sse_handler.go:31.60,46.42 5 1
github.com/posit-dev/publisher/internal/events/sse_handler.go:46.42,47.19 1 1
github.com/posit-dev/publisher/internal/events/sse_handler.go:48.25,49.39 1 1
github.com/posit-dev/publisher/internal/events/sse_handler.go:50.11,50.11 0 1
github.com/posit-dev/publisher/internal/events/sse_handler.go:51.11,52.43 1 1
github.com/posit-dev/publisher/internal/events/sse_handler.go:54.3,54.14 1 1
github.com/posit-dev/publisher/internal/events/sse_handler.go:57.2,57.31 1 1
github.com/posit-dev/publisher/internal/events/sse_handler.go:57.31,59.3 1 1
github.com/posit-dev/publisher/internal/events/sse_handler.go:61.2,63.14 3 1
github.com/posit-dev/publisher/internal/events/sse_handler.go:66.73,69.2 2 1
github.com/posit-dev/publisher/internal/events/sse_handler.go:71.64,75.2 3 1
github.com/posit-dev/publisher/internal/events/sse_handler.go:77.53,80.2 1 1
github.com/posit-dev/publisher/internal/events/sse_logger.go:12.41,13.19 1 1
github.com/posit-dev/publisher/internal/events/sse_logger.go:14.9,15.24 1 1
github.com/posit-dev/publisher/internal/events/sse_logger.go:16.9,17.24 1 1
github.com/posit-dev/publisher/internal/events/sse_logger.go:19.2,19.24 1 0
github.com/posit-dev/publisher/internal/events/sse_logger.go:22.74,29.2 5 1
github.com/posit-dev/publisher/internal/inspect/dependencies/pydeps/file_imports.go:24.65,28.2 1 1
github.com/posit-dev/publisher/internal/inspect/dependencies/pydeps/file_imports.go:44.53,48.2 3 1
github.com/posit-dev/publisher/internal/inspect/dependencies/pydeps/file_imports.go:50.70,54.29 3 1
github.com/posit-dev/publisher/internal/inspect/dependencies/pydeps/file_imports.go:54.29,56.18 2 1
github.com/posit-dev/publisher/internal/inspect/dependencies/pydeps/file_imports.go:56.18,60.38 3 1
github.com/posit-dev/publisher/internal/inspect/dependencies/pydeps/file_imports.go:60.38,62.5 1 1
github.com/posit-dev/publisher/internal/inspect/dependencies/pydeps/file_imports.go:64.3,65.18 2 1
github.com/posit-dev/publisher/internal/inspect/dependencies/pydeps/file_imports.go:65.18,67.4 1 1
github.com/posit-dev/publisher/internal/inspect/dependencies/pydeps/file_imports.go:70.2,70.74 1 1
github.com/posit-dev/publisher/internal/inspect/dependencies/pydeps/file_imports.go:70.74,72.3 1 1
github.com/posit-dev/publisher/internal/inspect/dependencies/pydeps/file_imports.go:74.2,76.20 3 1
github.com/posit-dev/publisher/internal/inspect/dependencies/pydeps/notebook_contents.go:14.68,16.16 2 1
github.com/posit-dev/publisher/internal/inspect/dependencies/pydeps/notebook_contents.go:16.16,18.3 1 1
github.com/posit-dev/publisher/internal/inspect/dependencies/pydeps/notebook_contents.go:19.2,20.29 2 1
github.com/posit-dev/publisher/internal/inspect/dependencies/pydeps/notebook_contents.go:23.53,29.16 5 1
github.com/posit-dev/publisher/internal/inspect/dependencies/pydeps/notebook_contents.go:29.16,31.3 1 0
github.com/posit-dev/publisher/internal/inspect/dependencies/pydeps/notebook_contents.go:32.2,33.28 2 1
github.com/posit-dev/publisher/internal/inspect/dependencies/pydeps/notebook_contents.go:33.28,35.3 1 1
github.com/posit-dev/publisher/internal/inspect/dependencies/pydeps/notebook_contents.go:36.2,37.38 2 1
github.com/posit-dev/publisher/internal/inspect/dependencies/pydeps/notebook_contents.go:37.38,39.10 2 1
github.com/posit-dev/publisher/internal/inspect/dependencies/pydeps/notebook_contents.go:39.10,41.4 1 0
github.com/posit-dev/publisher/internal/inspect/dependencies/pydeps/notebook_contents.go:42.3,43.10 2 1
github.com/posit-dev/publisher/internal/inspect/dependencies/pydeps/notebook_contents.go:43.10,45.4 1 0
github.com/posit-dev/publisher/internal/inspect/dependencies/pydeps/notebook_contents.go:46.3,46.25 1 1
github.com/posit-dev/publisher/internal/inspect/dependencies/pydeps/notebook_contents.go:46.25,48.11 2 1
github.com/posit-dev/publisher/internal/inspect/dependencies/pydeps/notebook_contents.go:48.11,50.5 1 0
github.com/posit-dev/publisher/internal/inspect/dependencies/pydeps/notebook_contents.go:51.4,51.46 1 1
github.com/posit-dev/publisher/internal/inspect/dependencies/pydeps/notebook_contents.go:51.46,53.12 2 1
github.com/posit-dev/publisher/internal/inspect/dependencies/pydeps/notebook_contents.go:53.12,55.6 1 0
github.com/posit-dev/publisher/internal/inspect/dependencies/pydeps/notebook_contents.go:56.5,56.50 1 1
github.com/posit-dev/publisher/internal/inspect/dependencies/pydeps/notebook_contents.go:60.2,60.48 1 1
github.com/posit-dev/publisher/internal/inspect/dependencies/pydeps/package_map.go:27.39,28.21 1 0
github.com/posit-dev/publisher/internal/inspect/dependencies/pydeps/package_map.go:28.21,30.3 1 0
github.com/posit-dev/publisher/internal/inspect/dependencies/pydeps/package_map.go:30.8,32.3 1 0
github.com/posit-dev/publisher/internal/inspect/dependencies/pydeps/package_map.go:47.65,53.2 1 1
github.com/posit-dev/publisher/internal/inspect/dependencies/pydeps/package_map.go:57.61,59.16 2 1
github.com/posit-dev/publisher/internal/inspect/dependencies/pydeps/package_map.go:59.16,62.3 1 0
github.com/posit-dev/publisher/internal/inspect/dependencies/pydeps/package_map.go:63.2,66.3 1 1
github.com/posit-dev/publisher/internal/inspect/dependencies/pydeps/package_map.go:69.89,72.16 3 1
github.com/posit-dev/publisher/internal/inspect/dependencies/pydeps/package_map.go:72.16,74.3 1 0
github.com/posit-dev/publisher/internal/inspect/dependencies/pydeps/package_map.go:75.2,77.32 3 1
github.com/posit-dev/publisher/internal/inspect/dependencies/pydeps/package_map.go:77.32,80.3 2 1
github.com/posit-dev/publisher/internal/inspect/dependencies/pydeps/package_map.go:81.2,81.19 1 1
github.com/posit-dev/publisher/internal/inspect/dependencies/pydeps/package_map.go:84.90,88.16 3 1
github.com/posit-dev/publisher/internal/inspect/dependencies/pydeps/package_map.go:88.16,90.3 1 0
github.com/posit-dev/publisher/internal/inspect/dependencies/pydeps/package_map.go:91.2,91.35 1 1
github.com/posit-dev/publisher/internal/inspect/dependencies/pydeps/package_map.go:91.35,94.17 3 1
github.com/posit-dev/publisher/internal/inspect/dependencies/pydeps/package_map.go:94.17,95.38 1 1
github.com/posit-dev/publisher/internal/inspect/dependencies/pydeps/package_map.go:95.38,99.13 3 1
github.com/posit-dev/publisher/internal/inspect/dependencies/pydeps/package_map.go:100.10,102.5 1 0
github.com/posit-dev/publisher/internal/inspect/dependencies/pydeps/package_map.go:105.3,106.36 2 1
github.com/posit-dev/publisher/internal/inspect/dependencies/pydeps/package_map.go:106.36,108.18 2 1
github.com/posit-dev/publisher/internal/inspect/dependencies/pydeps/package_map.go:108.18,109.13 1 1
github.com/posit-dev/publisher/internal/inspect/dependencies/pydeps/package_map.go:111.4,111.36 1 1
github.com/posit-dev/publisher/internal/inspect/dependencies/pydeps/package_map.go:114.2,114.21 1 1
github.com/posit-dev/publisher/internal/inspect/dependencies/pydeps/package_map.go:117.91,120.16 3 1
github.com/posit-dev/publisher/internal/inspect/dependencies/pydeps/package_map.go:120.16,122.3 1 0
github.com/posit-dev/publisher/internal/inspect/dependencies/pydeps/package_map.go:125.2,127.33 2 1
github.com/posit-dev/publisher/internal/inspect/dependencies/pydeps/package_map.go:127.33,128.56 1 1
github.com/posit-dev/publisher/internal/inspect/dependencies/pydeps/package_map.go:128.56,129.12 1 1
github.com/posit-dev/publisher/internal/inspect/dependencies/pydeps/package_map.go:131.3,132.17 2 1
github.com/posit-dev/publisher/internal/inspect/dependencies/pydeps/package_map.go:132.17,134.4 1 0
github.com/posit-dev/publisher/internal/inspect/dependencies/pydeps/package_map.go:135.3,135.33 1 1
github.com/posit-dev/publisher/internal/inspect/dependencies/pydeps/package_map.go:137.2,137.21 1 1
github.com/posit-dev/publisher/internal/inspect/dependencies/pydeps/project_dependencies.go:27.29,33.2 1 0
github.com/posit-dev/publisher/internal/inspect/dependencies/pydeps/project_dependencies.go:35.126,37.16 2 0
github.com/posit-dev/publisher/internal/inspect/dependencies/pydeps/project_dependencies.go:37.16,39.3 1 0
github.com/posit-dev/publisher/internal/inspect/dependencies/pydeps/project_dependencies.go:40.2,41.16 2 0
github.com/posit-dev/publisher/internal/inspect/dependencies/pydeps/project_dependencies.go:41.16,43.3 1 0
github.com/posit-dev/publisher/internal/inspect/dependencies/pydeps/project_dependencies.go:44.2,45.41 2 0
github.com/posit-dev/publisher/internal/inspect/dependencies/pydeps/project_dependencies.go:45.41,47.9 2 0
github.com/posit-dev/publisher/internal/inspect/dependencies/pydeps/project_dependencies.go:47.9,49.4 1 0
github.com/posit-dev/publisher/internal/inspect/dependencies/pydeps/project_dependencies.go:49.9,56.4 1 0
github.com/posit-dev/publisher/internal/inspect/dependencies/pydeps/project_dependencies.go:58.2,58.19 1 0
github.com/posit-dev/publisher/internal/inspect/dependencies/pydeps/project_dependencies.go:62.92,66.16 4 1
github.com/posit-dev/publisher/internal/inspect/dependencies/pydeps/project_dependencies.go:66.16,68.3 1 0
github.com/posit-dev/publisher/internal/inspect/dependencies/pydeps/project_dependencies.go:69.2,70.25 2 1
github.com/posit-dev/publisher/internal/inspect/dependencies/pydeps/project_dependencies.go:73.69,75.16 2 1
github.com/posit-dev/publisher/internal/inspect/dependencies/pydeps/project_dependencies.go:75.16,77.3 1 0
github.com/posit-dev/publisher/internal/inspect/dependencies/pydeps/project_dependencies.go:78.2,80.58 3 1
github.com/posit-dev/publisher/internal/inspect/dependencies/pydeps/project_dependencies.go:80.58,82.3 1 1
github.com/posit-dev/publisher/internal/inspect/dependencies/pydeps/project_dependencies.go:83.2,83.19 1 1
github.com/posit-dev/publisher/internal/inspect/dependencies/pydeps/project_dependencies.go:86.109,91.16 4 1
github.com/posit-dev/publisher/internal/inspect/dependencies/pydeps/project_dependencies.go:91.16,93.3 1 0
github.com/posit-dev/publisher/internal/inspect/dependencies/pydeps/project_dependencies.go:94.2,94.12 1 1
github.com/posit-dev/publisher/internal/inspect/dependencies/pydeps/project_dependencies.go:100.62,102.16 2 1
github.com/posit-dev/publisher/internal/inspect/dependencies/pydeps/project_dependencies.go:102.16,104.3 1 0
github.com/posit-dev/publisher/internal/inspect/dependencies/pydeps/project_dependencies.go:105.2,105.13 1 1
github.com/posit-dev/publisher/internal/inspect/dependencies/pydeps/project_dependencies.go:105.13,107.3 1 1
github.com/posit-dev/publisher/internal/inspect/dependencies/pydeps/project_dependencies.go:108.2,110.16 3 1
github.com/posit-dev/publisher/internal/inspect/dependencies/pydeps/project_dependencies.go:110.16,112.3 1 0
github.com/posit-dev/publisher/internal/inspect/dependencies/pydeps/project_dependencies.go:114.2,115.29 2 1
github.com/posit-dev/publisher/internal/inspect/dependencies/pydeps/project_dependencies.go:115.29,117.31 2 1
github.com/posit-dev/publisher/internal/inspect/dependencies/pydeps/project_dependencies.go:117.31,119.4 1 1
github.com/posit-dev/publisher/internal/inspect/dependencies/pydeps/project_dependencies.go:121.2,121.19 1 1
github.com/posit-dev/publisher/internal/inspect/dependencies/pydeps/project_dependencies_mock.go:14.56,16.2 1 0
github.com/posit-dev/publisher/internal/inspect/dependencies/pydeps/project_dependencies_mock.go:18.123,21.18 3 0
github.com/posit-dev/publisher/internal/inspect/dependencies/pydeps/project_dependencies_mock.go:21.18,23.3 1 0
github.com/posit-dev/publisher/internal/inspect/dependencies/pydeps/project_dependencies_mock.go:23.8,25.3 1 0
github.com/posit-dev/publisher/internal/inspect/dependencies/pydeps/project_imports.go:25.79,30.2 1 1
github.com/posit-dev/publisher/internal/inspect/dependencies/pydeps/project_imports.go:32.104,35.16 2 1
github.com/posit-dev/publisher/internal/inspect/dependencies/pydeps/project_imports.go:35.16,37.3 1 0
github.com/posit-dev/publisher/internal/inspect/dependencies/pydeps/project_imports.go:39.2,41.93 2 1
github.com/posit-dev/publisher/internal/inspect/dependencies/pydeps/project_imports.go:41.93,42.17 1 1
github.com/posit-dev/publisher/internal/inspect/dependencies/pydeps/project_imports.go:42.17,44.4 1 0
github.com/posit-dev/publisher/internal/inspect/dependencies/pydeps/project_imports.go:45.3,46.19 2 1
github.com/posit-dev/publisher/internal/inspect/dependencies/pydeps/project_imports.go:46.19,48.4 1 1
github.com/posit-dev/publisher/internal/inspect/dependencies/pydeps/project_imports.go:49.3,49.38 1 1
github.com/posit-dev/publisher/internal/inspect/dependencies/pydeps/project_imports.go:50.14,52.18 2 1
github.com/posit-dev/publisher/internal/inspect/dependencies/pydeps/project_imports.go:52.18,54.5 1 0
github.com/posit-dev/publisher/internal/inspect/dependencies/pydeps/project_imports.go:55.4,55.27 1 1
github.com/posit-dev/publisher/internal/inspect/dependencies/pydeps/project_imports.go:56.17,58.18 2 1
github.com/posit-dev/publisher/internal/inspect/dependencies/pydeps/project_imports.go:58.18,60.5 1 0
github.com/posit-dev/publisher/internal/inspect/dependencies/pydeps/project_imports.go:61.15,63.18 2 1
github.com/posit-dev/publisher/internal/inspect/dependencies/pydeps/project_imports.go:63.18,65.5 1 0
github.com/posit-dev/publisher/internal/inspect/dependencies/pydeps/project_imports.go:67.3,67.17 1 1
github.com/posit-dev/publisher/internal/inspect/dependencies/pydeps/project_imports.go:67.17,69.76 2 1
github.com/posit-dev/publisher/internal/inspect/dependencies/pydeps/project_imports.go:69.76,72.32 2 1
github.com/posit-dev/publisher/internal/inspect/dependencies/pydeps/project_imports.go:72.32,74.6 1 1
github.com/posit-dev/publisher/internal/inspect/dependencies/pydeps/project_imports.go:75.5,76.36 2 1
github.com/posit-dev/publisher/internal/inspect/dependencies/pydeps/project_imports.go:78.4,79.73 2 1
github.com/posit-dev/publisher/internal/inspect/dependencies/pydeps/project_imports.go:81.3,81.13 1 1
github.com/posit-dev/publisher/internal/inspect/dependencies/pydeps/project_imports.go:83.2,83.16 1 1
github.com/posit-dev/publisher/internal/inspect/dependencies/pydeps/project_imports.go:83.16,85.3 1 0
github.com/posit-dev/publisher/internal/inspect/dependencies/pydeps/project_imports.go:87.2,89.28 3 1
github.com/posit-dev/publisher/internal/inspect/dependencies/pydeps/qmd_contents.go:12.70,14.16 2 1
github.com/posit-dev/publisher/internal/inspect/dependencies/pydeps/qmd_contents.go:14.16,16.3 1 0
github.com/posit-dev/publisher/internal/inspect/dependencies/pydeps/qmd_contents.go:17.2,17.50 1 1
github.com/posit-dev/publisher/internal/inspect/dependencies/pydeps/qmd_contents.go:20.49,25.29 4 1
github.com/posit-dev/publisher/internal/inspect/dependencies/pydeps/qmd_contents.go:25.29,26.18 1 1
github.com/posit-dev/publisher/internal/inspect/dependencies/pydeps/qmd_contents.go:26.18,27.38 1 1
github.com/posit-dev/publisher/internal/inspect/dependencies/pydeps/qmd_contents.go:27.38,30.5 2 1
github.com/posit-dev/publisher/internal/inspect/dependencies/pydeps/qmd_contents.go:30.10,32.5 1 1
github.com/posit-dev/publisher/internal/inspect/dependencies/pydeps/qmd_contents.go:33.9,33.51 1 1
github.com/posit-dev/publisher/internal/inspect/dependencies/pydeps/qmd_contents.go:33.51,35.4 1 1
github.com/posit-dev/publisher/internal/inspect/dependencies/pydeps/qmd_contents.go:37.2,37.38 1 1
github.com/posit-dev/publisher/internal/inspect/dependencies/pydeps/qmd_contents.go:40.68,54.2 5 1
github.com/posit-dev/publisher/internal/inspect/dependencies/pydeps/qmd_contents.go:56.74,61.16 4 0
github.com/posit-dev/publisher/internal/inspect/dependencies/pydeps/qmd_contents.go:61.16,63.3 1 0
github.com/posit-dev/publisher/internal/inspect/dependencies/pydeps/qmd_contents.go:65.2,65.29 1 0
github.com/posit-dev/publisher/internal/inspect/dependencies/pydeps/qmd_contents.go:65.29,67.17 2 0
github.com/posit-dev/publisher/internal/inspect/dependencies/pydeps/qmd_contents.go:67.17,69.4 1 0
github.com/posit-dev/publisher/internal/inspect/dependencies/pydeps/qmd_contents.go:70.3,74.28 4 0
github.com/posit-dev/publisher/internal/inspect/dependencies/pydeps/qmd_contents.go:74.28,76.9 1 0
github.com/posit-dev/publisher/internal/inspect/dependencies/pydeps/qmd_contents.go:79.2,79.33 1 0
github.com/posit-dev/publisher/internal/logging/logger.go:27.19,31.2 1 1
github.com/posit-dev/publisher/internal/logging/logger.go:33.45,35.2 1 1
github.com/posit-dev/publisher/internal/logging/logger.go:37.46,39.2 1 1
github.com/posit-dev/publisher/internal/logging/logger.go:41.32,44.2 2 0
github.com/posit-dev/publisher/internal/logging/mock_base_logger.go:16.42,18.2 1 1
github.com/posit-dev/publisher/internal/logging/mock_base_logger.go:20.57,23.2 2 0
github.com/posit-dev/publisher/internal/logging/mock_base_logger.go:25.56,28.2 2 0
github.com/posit-dev/publisher/internal/logging/mock_base_logger.go:30.56,33.2 2 0
github.com/posit-dev/publisher/internal/logging/mock_base_logger.go:35.57,38.2 2 0
github.com/posit-dev/publisher/internal/logging/mock_base_logger.go:40.94,43.2 2 0
github.com/posit-dev/publisher/internal/logging/mock_base_logger.go:45.49,48.2 2 0
github.com/posit-dev/publisher/internal/logging/mock_base_logger.go:50.78,53.2 2 0
github.com/posit-dev/publisher/internal/logging/mock_base_logger.go:55.57,58.2 2 1
github.com/posit-dev/publisher/internal/logging/mock_base_logger.go:60.62,63.2 2 0
github.com/posit-dev/publisher/internal/logging/mock_handler.go:18.36,20.2 1 1
github.com/posit-dev/publisher/internal/logging/mock_handler.go:22.75,25.2 2 1
github.com/posit-dev/publisher/internal/logging/mock_handler.go:27.74,30.2 2 1
github.com/posit-dev/publisher/internal/logging/mock_handler.go:32.65,35.2 2 1
github.com/posit-dev/publisher/internal/logging/mock_handler.go:37.59,40.2 2 1
github.com/posit-dev/publisher/internal/logging/multi_handler.go:18.62,22.2 1 1
github.com/posit-dev/publisher/internal/logging/multi_handler.go:24.76,25.31 1 1
github.com/posit-dev/publisher/internal/logging/multi_handler.go:25.31,26.28 1 1
github.com/posit-dev/publisher/internal/logging/multi_handler.go:26.28,28.4 1 1
github.com/posit-dev/publisher/internal/logging/multi_handler.go:30.2,30.14 1 1
github.com/posit-dev/publisher/internal/logging/multi_handler.go:33.75,34.31 1 1
github.com/posit-dev/publisher/internal/logging/multi_handler.go:34.31,38.32 1 1
github.com/posit-dev/publisher/internal/logging/multi_handler.go:38.32,40.18 2 1
github.com/posit-dev/publisher/internal/logging/multi_handler.go:40.18,42.5 1 1
github.com/posit-dev/publisher/internal/logging/multi_handler.go:45.2,45.12 1 1
github.com/posit-dev/publisher/internal/logging/multi_handler.go:48.66,50.31 2 1
github.com/posit-dev/publisher/internal/logging/multi_handler.go:50.31,55.3 1 1
github.com/posit-dev/publisher/internal/logging/multi_handler.go:56.2,56.37 1 1
github.com/posit-dev/publisher/internal/logging/multi_handler.go:59.60,60.16 1 1
github.com/posit-dev/publisher/internal/logging/multi_handler.go:60.16,64.3 1 1
github.com/posit-dev/publisher/internal/logging/multi_handler.go:65.2,66.31 2 1
github.com/posit-dev/publisher/internal/logging/multi_handler.go:66.31,68.3 1 1
github.com/posit-dev/publisher/internal/logging/multi_handler.go:69.2,69.37 1 1
github.com/posit-dev/publisher/internal/schema/schema.go:29.67,34.16 3 1
github.com/posit-dev/publisher/internal/schema/schema.go:34.16,36.3 1 0
github.com/posit-dev/publisher/internal/schema/schema.go:37.2,39.8 1 1
github.com/posit-dev/publisher/internal/schema/schema.go:51.46,52.17 1 1
github.com/posit-dev/publisher/internal/schema/schema.go:52.17,54.3 1 1
github.com/posit-dev/publisher/internal/schema/schema.go:55.2,55.18 1 1
github.com/posit-dev/publisher/internal/schema/schema.go:68.51,70.31 2 1
github.com/posit-dev/publisher/internal/schema/schema.go:70.31,72.3 1 1
github.com/posit-dev/publisher/internal/schema/schema.go:73.2,73.38 1 1
github.com/posit-dev/publisher/internal/schema/schema.go:76.91,77.24 1 1
github.com/posit-dev/publisher/internal/schema/schema.go:77.24,79.3 1 1
github.com/posit-dev/publisher/internal/schema/schema.go:79.8,80.34 1 1
github.com/posit-dev/publisher/internal/schema/schema.go:80.34,82.4 1 1
github.com/posit-dev/publisher/internal/schema/schema.go:86.85,91.31 4 1
github.com/posit-dev/publisher/internal/schema/schema.go:91.31,103.3 5 1
github.com/posit-dev/publisher/internal/schema/schema.go:105.2,107.37 2 1
github.com/posit-dev/publisher/internal/schema/schema.go:107.37,109.58 2 1
github.com/posit-dev/publisher/internal/schema/schema.go:109.58,110.40 1 1
github.com/posit-dev/publisher/internal/schema/schema.go:110.40,111.63 1 1
github.com/posit-dev/publisher/internal/schema/schema.go:111.63,114.11 2 1
github.com/posit-dev/publisher/internal/schema/schema.go:118.3,118.16 1 1
github.com/posit-dev/publisher/internal/schema/schema.go:118.16,120.4 1 1
github.com/posit-dev/publisher/internal/schema/schema.go:123.2,128.3 1 1
github.com/posit-dev/publisher/internal/schema/schema.go:131.56,133.16 2 1
github.com/posit-dev/publisher/internal/schema/schema.go:133.16,135.9 2 1
github.com/posit-dev/publisher/internal/schema/schema.go:135.9,142.4 4 1
github.com/posit-dev/publisher/internal/schema/schema.go:142.9,144.4 1 0
github.com/posit-dev/publisher/internal/schema/schema.go:146.2,146.12 1 1
github.com/posit-dev/publisher/internal/schema/schema.go:149.71,155.16 3 1
github.com/posit-dev/publisher/internal/schema/schema.go:155.16,157.3 1 0
github.com/posit-dev/publisher/internal/schema/schema.go:158.2,158.38 1 1
github.com/posit-dev/publisher/internal/schema/schema.go:161.52,164.16 3 1
github.com/posit-dev/publisher/internal/schema/schema.go:164.16,166.3 1 0
github.com/posit-dev/publisher/internal/schema/schema.go:167.2,167.52 1 1
github.com/posit-dev/publisher/internal/server_type/server_type.go:24.42,25.48 1 1
github.com/posit-dev/publisher/internal/server_type/server_type.go:25.48,27.3 1 1
github.com/posit-dev/publisher/internal/server_type/server_type.go:28.2,28.18 1 1
github.com/posit-dev/publisher/internal/server_type/server_type.go:37.59,39.16 2 1
github.com/posit-dev/publisher/internal/server_type/server_type.go:39.16,41.3 1 1
github.com/posit-dev/publisher/internal/server_type/server_type.go:42.2,43.52 2 1
github.com/posit-dev/publisher/internal/server_type/server_type.go:43.52,45.3 1 1
github.com/posit-dev/publisher/internal/server_type/server_type.go:45.8,45.63 1 1
github.com/posit-dev/publisher/internal/server_type/server_type.go:45.63,47.3 1 1
github.com/posit-dev/publisher/internal/server_type/server_type.go:47.8,47.66 1 1
github.com/posit-dev/publisher/internal/server_type/server_type.go:47.66,49.3 1 1
github.com/posit-dev/publisher/internal/server_type/server_type.go:50.2,50.31 1 1
github.com/posit-dev/publisher/internal/server_type/server_type.go:53.36,55.2 1 0
github.com/posit-dev/publisher/internal/server_type/server_type.go:57.42,60.2 1 0
github.com/posit-dev/publisher/internal/services/middleware/log_request.go:23.93,28.2 1 1
github.com/posit-dev/publisher/internal/services/middleware/log_request.go:30.62,32.2 1 1
github.com/posit-dev/publisher/internal/services/middleware/log_request.go:34.72,37.2 2 1
github.com/posit-dev/publisher/internal/services/middleware/log_request.go:39.65,42.2 2 1
github.com/posit-dev/publisher/internal/services/middleware/log_request.go:44.57,46.2 1 1
github.com/posit-dev/publisher/internal/services/middleware/log_request.go:48.62,50.2 1 1
github.com/posit-dev/publisher/internal/services/middleware/log_request.go:52.49,55.2 1 0
github.com/posit-dev/publisher/internal/services/middleware/log_request.go:57.57,59.39 2 1
github.com/posit-dev/publisher/internal/services/middleware/log_request.go:59.39,61.3 1 1
github.com/posit-dev/publisher/internal/services/middleware/log_request.go:62.2,63.16 2 1
github.com/posit-dev/publisher/internal/services/middleware/log_request.go:63.16,65.3 1 0
github.com/posit-dev/publisher/internal/services/middleware/log_request.go:66.2,70.16 4 1
github.com/posit-dev/publisher/internal/services/middleware/log_request.go:70.16,72.3 1 0
github.com/posit-dev/publisher/internal/services/middleware/log_request.go:74.2,75.29 2 1
github.com/posit-dev/publisher/internal/services/middleware/log_request.go:75.29,78.37 1 1
github.com/posit-dev/publisher/internal/services/middleware/log_request.go:78.37,80.4 1 0
github.com/posit-dev/publisher/internal/services/middleware/log_request.go:80.9,82.4 1 1
github.com/posit-dev/publisher/internal/services/middleware/log_request.go:84.2,84.19 1 1
github.com/posit-dev/publisher/internal/services/middleware/log_request.go:88.89,89.56 1 1
github.com/posit-dev/publisher/internal/services/middleware/log_request.go:89.56,106.26 8 1
github.com/posit-dev/publisher/internal/services/middleware/log_request.go:106.26,108.4 1 0
github.com/posit-dev/publisher/internal/services/middleware/log_request.go:109.3,109.24 1 1
github.com/posit-dev/publisher/internal/services/middleware/log_request.go:109.24,112.33 2 1
github.com/posit-dev/publisher/internal/services/middleware/log_request.go:112.33,114.5 1 1
github.com/posit-dev/publisher/internal/services/middleware/log_request.go:116.3,116.24 1 1
github.com/posit-dev/publisher/internal/services/middleware/panic_recovery.go:12.80,13.56 1 0
github.com/posit-dev/publisher/internal/services/middleware/panic_recovery.go:13.56,14.16 1 0
github.com/posit-dev/publisher/internal/services/middleware/panic_recovery.go:14.16,15.36 1 0
github.com/posit-dev/publisher/internal/services/middleware/panic_recovery.go:15.36,22.5 6 0
github.com/posit-dev/publisher/internal/services/middleware/panic_recovery.go:24.3,24.15 1 0
github.com/posit-dev/publisher/internal/types/api_errors.go:13.64,17.2 3 1
github.com/posit-dev/publisher/internal/types/api_errors.go:35.90,45.2 1 1
github.com/posit-dev/publisher/internal/types/api_errors.go:47.61,50.2 1 0
github.com/posit-dev/publisher/internal/types/api_errors.go:52.82,54.2 1 1
github.com/posit-dev/publisher/internal/types/api_errors.go:67.62,70.2 1 0
github.com/posit-dev/publisher/internal/types/api_errors.go:72.83,74.2 1 1
github.com/posit-dev/publisher/internal/types/api_errors.go:76.92,85.2 1 1
github.com/posit-dev/publisher/internal/types/api_errors.go:106.61,109.2 1 0
github.com/posit-dev/publisher/internal/types/api_errors.go:111.82,113.2 1 0
github.com/posit-dev/publisher/internal/types/api_errors.go:115.109,126.2 1 0
github.com/posit-dev/publisher/internal/types/api_errors.go:139.63,142.2 1 0
github.com/posit-dev/publisher/internal/types/api_errors.go:144.84,146.2 1 0
github.com/posit-dev/publisher/internal/types/api_errors.go:148.113,156.2 1 0
github.com/posit-dev/publisher/internal/types/api_errors.go:162.89,164.2 1 0
github.com/posit-dev/publisher/internal/types/api_errors.go:166.105,170.2 1 0
github.com/posit-dev/publisher/internal/types/api_errors.go:176.81,178.2 1 1
github.com/posit-dev/publisher/internal/types/api_errors.go:180.95,184.2 1 1
github.com/posit-dev/publisher/internal/types/api_errors.go:196.87,198.2 1 0
github.com/posit-dev/publisher/internal/types/api_errors.go:200.102,208.2 1 0
github.com/posit-dev/publisher/internal/types/api_errors.go:214.91,218.2 1 1
github.com/posit-dev/publisher/internal/types/api_errors.go:220.79,222.2 1 1
github.com/posit-dev/publisher/internal/types/api_errors.go:228.95,231.8 3 0
github.com/posit-dev/publisher/internal/types/api_errors.go:231.8,232.20 1 0
github.com/posit-dev/publisher/internal/types/api_errors.go:233.32,234.39 1 0
github.com/posit-dev/publisher/internal/types/api_errors.go:235.20,236.40 1 0
github.com/posit-dev/publisher/internal/types/api_errors.go:237.24,238.44 1 0
github.com/posit-dev/publisher/internal/types/api_errors.go:239.24,240.44 1 0
github.com/posit-dev/publisher/internal/types/api_errors.go:241.11,242.79 1 0
github.com/posit-dev/publisher/internal/types/api_errors.go:245.2,247.3 1 0
github.com/posit-dev/publisher/internal/types/api_errors.go:250.71,252.2 1 0
github.com/posit-dev/publisher/internal/types/error.go:60.51,66.43 5 1
github.com/posit-dev/publisher/internal/types/error.go:66.43,68.3 1 1
github.com/posit-dev/publisher/internal/types/error.go:70.2,70.18 1 1
github.com/posit-dev/publisher/internal/types/error.go:73.40,74.14 1 1
github.com/posit-dev/publisher/internal/types/error.go:74.14,76.3 1 1
github.com/posit-dev/publisher/internal/types/error.go:77.2,78.8 2 1
github.com/posit-dev/publisher/internal/types/error.go:78.8,80.3 1 1
github.com/posit-dev/publisher/internal/types/error.go:81.2,81.44 1 1
github.com/posit-dev/publisher/internal/types/error.go:84.72,88.16 3 1
github.com/posit-dev/publisher/internal/types/error.go:88.16,90.3 1 1
github.com/posit-dev/publisher/internal/types/error.go:91.2,91.20 1 1
github.com/posit-dev/publisher/internal/types/error.go:91.20,94.31 3 1
github.com/posit-dev/publisher/internal/types/error.go:94.31,96.4 1 1
github.com/posit-dev/publisher/internal/types/error.go:98.2,103.3 1 1
github.com/posit-dev/publisher/internal/types/error.go:109.49,111.2 1 1
github.com/posit-dev/publisher/internal/types/error.go:113.47,115.2 1 1
github.com/posit-dev/publisher/internal/types/error.go:117.42,119.2 1 1
github.com/posit-dev/publisher/internal/types/error.go:121.42,123.2 1 1
github.com/posit-dev/publisher/internal/types/error.go:125.37,127.2 1 1
github.com/posit-dev/publisher/internal/types/error.go:129.61,131.9 2 1
github.com/posit-dev/publisher/internal/types/error.go:131.9,133.3 1 1
github.com/posit-dev/publisher/internal/types/error.go:134.2,135.10 2 1
github.com/posit-dev/publisher/internal/types/error.go:141.50,142.39 1 1
github.com/posit-dev/publisher/internal/types/error.go:142.39,144.3 1 1
github.com/posit-dev/publisher/internal/types/error.go:145.2,145.19 1 1
github.com/posit-dev/publisher/internal/types/error.go:151.68,152.54 1 1
github.com/posit-dev/publisher/internal/types/error.go:152.54,154.3 1 1
github.com/posit-dev/publisher/internal/types/error.go:155.2,155.19 1 1
github.com/posit-dev/publisher/internal/types/optional.go:15.41,17.2 1 1
github.com/posit-dev/publisher/internal/types/optional.go:19.38,21.2 1 1
github.com/posit-dev/publisher/internal/types/optional.go:25.54,26.15 1 1
github.com/posit-dev/publisher/internal/types/optional.go:26.15,28.3 1 1
github.com/posit-dev/publisher/internal/types/optional.go:28.8,30.3 1 1
github.com/posit-dev/publisher/internal/types/optional.go:33.58,34.52 1 1
github.com/posit-dev/publisher/internal/types/optional.go:34.52,37.3 2 1
github.com/posit-dev/publisher/internal/types/optional.go:38.2,38.57 1 1
github.com/posit-dev/publisher/internal/types/optional.go:38.57,40.3 1 1
github.com/posit-dev/publisher/internal/types/optional.go:41.2,42.12 2 1
github.com/posit-dev/publisher/internal/util/dcf/dcf.go:38.52,42.2 1 1
github.com/posit-dev/publisher/internal/util/dcf/dcf.go:44.46,48.2 1 1
github.com/posit-dev/publisher/internal/util/dcf/dcf.go:52.72,54.16 2 1
github.com/posit-dev/publisher/internal/util/dcf/dcf.go:54.16,56.3 1 1
github.com/posit-dev/publisher/internal/util/dcf/dcf.go:57.2,58.28 2 1
github.com/posit-dev/publisher/internal/util/dcf/dcf.go:61.56,68.25 6 1
github.com/posit-dev/publisher/internal/util/dcf/dcf.go:68.25,73.51 4 1
github.com/posit-dev/publisher/internal/util/dcf/dcf.go:73.51,79.4 4 1
github.com/posit-dev/publisher/internal/util/dcf/dcf.go:79.9,79.33 1 1
github.com/posit-dev/publisher/internal/util/dcf/dcf.go:79.33,81.24 1 1
github.com/posit-dev/publisher/internal/util/dcf/dcf.go:81.24,83.5 1 1
github.com/posit-dev/publisher/internal/util/dcf/dcf.go:84.4,84.49 1 1
github.com/posit-dev/publisher/internal/util/dcf/dcf.go:84.49,86.5 1 1
github.com/posit-dev/publisher/internal/util/dcf/dcf.go:87.4,87.39 1 1
github.com/posit-dev/publisher/internal/util/dcf/dcf.go:87.39,89.5 1 1
github.com/posit-dev/publisher/internal/util/dcf/dcf.go:90.4,90.37 1 1
github.com/posit-dev/publisher/internal/util/dcf/dcf.go:91.9,94.11 2 1
github.com/posit-dev/publisher/internal/util/dcf/dcf.go:94.11,96.5 1 1
github.com/posit-dev/publisher/internal/util/dcf/dcf.go:99.4,99.31 1 1
github.com/posit-dev/publisher/internal/util/dcf/dcf.go:99.31,101.5 1 1
github.com/posit-dev/publisher/internal/util/dcf/dcf.go:103.4,103.42 1 1
github.com/posit-dev/publisher/internal/util/dcf/dcf.go:103.42,105.5 1 1
github.com/posit-dev/publisher/internal/util/dcf/dcf.go:106.4,107.20 2 1
github.com/posit-dev/publisher/internal/util/dcf/dcf.go:111.2,111.29 1 1
github.com/posit-dev/publisher/internal/util/dcf/dcf.go:111.29,114.3 2 1
github.com/posit-dev/publisher/internal/util/dcf/dcf.go:115.2,115.21 1 1
github.com/posit-dev/publisher/internal/util/dcf/dcftest.go:23.36,25.2 1 1
github.com/posit-dev/publisher/internal/util/dcf/dcftest.go:27.42,29.2 1 0
github.com/posit-dev/publisher/internal/util/dcf/dcftest.go:31.60,34.20 3 1
github.com/posit-dev/publisher/internal/util/dcf/dcftest.go:34.20,36.3 1 0
github.com/posit-dev/publisher/internal/util/dcf/dcftest.go:36.8,38.3 1 1
github.com/posit-dev/publisher/internal/util/dcf/dcftest.go:41.76,44.20 3 0
github.com/posit-dev/publisher/internal/util/dcf/dcftest.go:44.20,46.3 1 0
github.com/posit-dev/publisher/internal/util/dcf/dcftest.go:46.8,48.3 1 0
github.com/posit-dev/publisher/internal/util/dcf/dcftest.go:51.93,54.20 3 0
github.com/posit-dev/publisher/internal/util/dcf/dcftest.go:54.20,56.3 1 0
github.com/posit-dev/publisher/internal/util/dcf/dcftest.go:56.8,58.3 1 0
github.com/posit-dev/publisher/internal/api_client/auth/api_key.go:20.67,21.22 1 1
github.com/posit-dev/publisher/internal/api_client/auth/api_key.go:21.22,23.3 1 1
github.com/posit-dev/publisher/internal/api_client/auth/api_key.go:24.2,27.3 1 1
github.com/posit-dev/publisher/internal/api_client/auth/api_key.go:30.71,34.2 3 1
github.com/posit-dev/publisher/internal/api_client/auth/auth.go:20.35,24.2 1 1
github.com/posit-dev/publisher/internal/api_client/auth/auth.go:26.81,27.25 1 1
github.com/posit-dev/publisher/internal/api_client/auth/auth.go:28.31,29.54 1 1
github.com/posit-dev/publisher/internal/api_client/auth/auth.go:30.34,35.17 2 1
github.com/posit-dev/publisher/internal/api_client/auth/auth.go:35.17,37.4 1 1
github.com/posit-dev/publisher/internal/api_client/auth/auth.go:38.3,38.19 1 0
github.com/posit-dev/publisher/internal/api_client/auth/auth.go:39.30,41.17 2 1
github.com/posit-dev/publisher/internal/api_client/auth/auth.go:41.17,43.4 1 1
github.com/posit-dev/publisher/internal/api_client/auth/auth.go:44.3,44.19 1 1
github.com/posit-dev/publisher/internal/api_client/auth/auth.go:45.29,51.37 1 1
github.com/posit-dev/publisher/internal/api_client/auth/auth.go:53.2,53.17 1 0
github.com/posit-dev/publisher/internal/api_client/auth/no_auth.go:11.40,13.2 1 1
github.com/posit-dev/publisher/internal/api_client/auth/no_auth.go:15.69,17.2 1 1
github.com/posit-dev/publisher/internal/api_client/auth/plain.go:13.57,17.2 1 0
github.com/posit-dev/publisher/internal/api_client/auth/plain.go:19.70,22.2 2 0
github.com/posit-dev/publisher/internal/api_client/auth/snowflake.go:32.23,34.16 2 1
github.com/posit-dev/publisher/internal/api_client/auth/snowflake.go:34.16,36.3 1 1
github.com/posit-dev/publisher/internal/api_client/auth/snowflake.go:38.2,40.45 2 1
github.com/posit-dev/publisher/internal/api_client/auth/snowflake.go:41.15,45.4 1 1
github.com/posit-dev/publisher/internal/api_client/auth/snowflake.go:46.23,53.17 2 1
github.com/posit-dev/publisher/internal/api_client/auth/snowflake.go:53.17,55.4 1 1
github.com/posit-dev/publisher/internal/api_client/auth/snowflake.go:56.10,57.83 1 1
github.com/posit-dev/publisher/internal/api_client/auth/snowflake.go:60.2,62.8 1 1
github.com/posit-dev/publisher/internal/api_client/auth/snowflake.go:65.74,68.16 3 1
github.com/posit-dev/publisher/internal/api_client/auth/snowflake.go:68.16,70.3 1 0
github.com/posit-dev/publisher/internal/api_client/auth/snowflake.go:71.2,73.12 3 1
github.com/posit-dev/publisher/internal/api_client/auth/token.go:27.74,30.16 2 1
github.com/posit-dev/publisher/internal/api_client/auth/token.go:30.16,32.3 1 1
github.com/posit-dev/publisher/internal/api_client/auth/token.go:35.2,35.26 1 1
github.com/posit-dev/publisher/internal/api_client/auth/token.go:35.26,37.3 1 0
github.com/posit-dev/publisher/internal/api_client/auth/token.go:39.2,42.8 1 1
github.com/posit-dev/publisher/internal/api_client/auth/token.go:46.70,49.47 2 1
github.com/posit-dev/publisher/internal/api_client/auth/token.go:49.47,51.3 1 0
github.com/posit-dev/publisher/internal/api_client/auth/token.go:54.2,60.21 4 1
github.com/posit-dev/publisher/internal/api_client/auth/token.go:60.21,63.17 2 1
github.com/posit-dev/publisher/internal/api_client/auth/token.go:63.17,65.4 1 0
github.com/posit-dev/publisher/internal/api_client/auth/token.go:68.3,72.65 3 1
github.com/posit-dev/publisher/internal/api_client/auth/token.go:73.8,77.3 2 1
github.com/posit-dev/publisher/internal/api_client/auth/token.go:80.2,82.16 3 1
github.com/posit-dev/publisher/internal/api_client/auth/token.go:82.16,84.3 1 0
github.com/posit-dev/publisher/internal/api_client/auth/token.go:87.2,91.12 4 1
github.com/posit-dev/publisher/internal/api_client/auth/token.go:95.77,97.16 2 1
github.com/posit-dev/publisher/internal/api_client/auth/token.go:97.16,99.3 1 1
github.com/posit-dev/publisher/internal/api_client/auth/token.go:102.2,108.16 5 1
github.com/posit-dev/publisher/internal/api_client/auth/token.go:108.16,110.3 1 0
github.com/posit-dev/publisher/internal/api_client/auth/token.go:112.2,112.58 1 1
github.com/posit-dev/publisher/internal/clients/cloud_auth/client_cloud_auth.go:34.35,44.2 3 1
github.com/posit-dev/publisher/internal/clients/cloud_auth/client_cloud_auth.go:50.81,51.21 1 1
github.com/posit-dev/publisher/internal/clients/cloud_auth/client_cloud_auth.go:52.41,53.45 1 0
github.com/posit-dev/publisher/internal/clients/cloud_auth/client_cloud_auth.go:54.37,55.41 1 0
github.com/posit-dev/publisher/internal/clients/cloud_auth/client_cloud_auth.go:56.10,57.47 1 1
github.com/posit-dev/publisher/internal/clients/cloud_auth/client_cloud_auth.go:61.74,68.16 4 1
github.com/posit-dev/publisher/internal/clients/cloud_auth/client_cloud_auth.go:68.16,70.3 1 0
github.com/posit-dev/publisher/internal/clients/cloud_auth/client_cloud_auth.go:71.2,71.19 1 1
github.com/posit-dev/publisher/internal/clients/cloud_auth/client_cloud_auth.go:74.86,80.30 2 1
github.com/posit-dev/publisher/internal/clients/cloud_auth/client_cloud_auth.go:80.30,82.3 1 1
github.com/posit-dev/publisher/internal/clients/cloud_auth/client_cloud_auth.go:83.2,83.32 1 1
github.com/posit-dev/publisher/internal/clients/cloud_auth/client_cloud_auth.go:83.32,85.3 1 0
github.com/posit-dev/publisher/internal/clients/cloud_auth/client_cloud_auth.go:87.2,89.16 3 1
github.com/posit-dev/publisher/internal/clients/cloud_auth/client_cloud_auth.go:89.16,91.3 1 0
github.com/posit-dev/publisher/internal/clients/cloud_auth/client_cloud_auth.go:92.2,92.19 1 1
github.com/posit-dev/publisher/internal/clients/cloud_auth/mock_client.go:13.34,15.2 1 0
github.com/posit-dev/publisher/internal/clients/cloud_auth/mock_client.go:19.70,22.2 2 0
github.com/posit-dev/publisher/internal/clients/cloud_auth/mock_client.go:24.82,27.26 3 0
github.com/posit-dev/publisher/internal/clients/cloud_auth/mock_client.go:27.26,29.3 1 0
github.com/posit-dev/publisher/internal/clients/cloud_auth/mock_client.go:30.2,30.44 1 0
github.com/posit-dev/publisher/internal/clients/connect_cloud_logs/client_connect_cloud_logs.go:26.52,27.13 1 1
github.com/posit-dev/publisher/internal/clients/connect_cloud_logs/client_connect_cloud_logs.go:28.41,29.48 1 1
github.com/posit-dev/publisher/internal/clients/connect_cloud_logs/client_connect_cloud_logs.go:30.37,31.52 1 1
github.com/posit-dev/publisher/internal/clients/connect_cloud_logs/client_connect_cloud_logs.go:32.10,33.44 1 1
github.com/posit-dev/publisher/internal/clients/connect_cloud_logs/client_connect_cloud_logs.go:42.17,56.2 7 0
github.com/posit-dev/publisher/internal/clients/connect_cloud_logs/client_connect_cloud_logs.go:58.96,61.16 3 1
github.com/posit-dev/publisher/internal/clients/connect_cloud_logs/client_connect_cloud_logs.go:61.16,63.3 1 0
github.com/posit-dev/publisher/internal/clients/connect_cloud_logs/client_connect_cloud_logs.go:64.2,66.12 2 1
github.com/posit-dev/publisher/internal/clients/connect_cloud_logs/client_connect_cloud_logs.go:66.12,67.7 1 1
github.com/posit-dev/publisher/internal/clients/connect_cloud_logs/client_connect_cloud_logs.go:67.7,68.11 1 1
github.com/posit-dev/publisher/internal/clients/connect_cloud_logs/client_connect_cloud_logs.go:69.22,71.11 2 1
github.com/posit-dev/publisher/internal/clients/connect_cloud_logs/client_connect_cloud_logs.go:72.27,75.19 3 1
github.com/posit-dev/publisher/internal/clients/connect_cloud_logs/client_connect_cloud_logs.go:75.19,77.14 2 0
github.com/posit-dev/publisher/internal/clients/connect_cloud_logs/client_connect_cloud_logs.go:80.5,80.44 1 1
github.com/posit-dev/publisher/internal/clients/connect_cloud_logs/client_connect_cloud_logs.go:80.44,81.24 1 1
github.com/posit-dev/publisher/internal/clients/connect_cloud_logs/client_connect_cloud_logs.go:82.25,83.36 1 1
github.com/posit-dev/publisher/internal/clients/connect_cloud_logs/client_connect_cloud_logs.go:84.25,85.36 1 1
github.com/posit-dev/publisher/internal/clients/connect_cloud_logs/client_connect_cloud_logs.go:86.14,87.35 1 1
github.com/posit-dev/publisher/internal/clients/connect_cloud_logs/client_connect_cloud_logs.go:93.2,93.12 1 1
github.com/posit-dev/publisher/internal/clients/connect_cloud_logs/mock_client.go:19.42,21.2 1 0
github.com/posit-dev/publisher/internal/clients/connect_cloud_logs/mock_client.go:26.89,29.2 2 0
github.com/posit-dev/publisher/internal/clients/http_client/client_auth.go:16.96,21.2 1 1
github.com/posit-dev/publisher/internal/clients/http_client/client_auth.go:24.87,26.21 2 1
github.com/posit-dev/publisher/internal/clients/http_client/client_auth.go:26.21,27.16 1 1
github.com/posit-dev/publisher/internal/clients/http_client/client_auth.go:27.16,28.22 1 1
github.com/posit-dev/publisher/internal/clients/http_client/client_auth.go:28.22,30.5 1 1
github.com/posit-dev/publisher/internal/clients/http_client/client_auth.go:34.2,34.19 1 1
github.com/posit-dev/publisher/internal/clients/http_client/client_auth.go:34.19,38.17 3 1
github.com/posit-dev/publisher/internal/clients/http_client/client_auth.go:38.17,40.4 1 1
github.com/posit-dev/publisher/internal/clients/http_client/client_auth.go:44.2,47.18 3 1
github.com/posit-dev/publisher/internal/clients/http_client/client_auth.go:50.52,53.38 3 1
github.com/posit-dev/publisher/internal/clients/http_client/client_auth.go:53.38,55.3 1 0
github.com/posit-dev/publisher/internal/clients/http_client/client_auth.go:56.2,56.16 1 1
github.com/posit-dev/publisher/internal/clients/http_client/http_client.go:51.117,53.16 2 0
github.com/posit-dev/publisher/internal/clients/http_client/http_client.go:53.16,55.3 1 0
github.com/posit-dev/publisher/internal/clients/http_client/http_client.go:56.2,59.8 1 0
github.com/posit-dev/publisher/internal/clients/http_client/http_client.go:62.75,68.2 2 0
github.com/posit-dev/publisher/internal/clients/http_client/http_client.go:70.107,76.2 2 0
github.com/posit-dev/publisher/internal/clients/http_client/http_client.go:89.75,96.2 1 1
github.com/posit-dev/publisher/internal/clients/http_client/http_client.go:98.36,100.2 1 1
github.com/posit-dev/publisher/internal/clients/http_client/http_client.go:102.129,105.16 3 0
github.com/posit-dev/publisher/internal/clients/http_client/http_client.go:105.16,107.3 1 0
[...]
github.com/posit-dev/publisher/internal/services/api/post_connect_token.go:52.3,55.42 3 1
github.com/posit-dev/publisher/internal/services/api/post_connect_token.go:55.42,67.18 4 1
github.com/posit-dev/publisher/internal/services/api/post_connect_token.go:67.18,69.5 1 1
github.com/posit-dev/publisher/internal/services/api/post_connect_token.go:72.4,74.11 3 1
github.com/posit-dev/publisher/internal/services/api/post_connect_token.go:74.11,76.5 1 0
github.com/posit-dev/publisher/internal/services/api/post_connect_token.go:78.4,78.14 1 1
github.com/posit-dev/publisher/internal/services/api/post_connect_token.go:82.3,83.17 2 1
github.com/posit-dev/publisher/internal/services/api/post_connect_token.go:83.17,84.101 1 1
github.com/posit-dev/publisher/internal/services/api/post_connect_token.go:84.101,88.5 2 0
github.com/posit-dev/publisher/internal/services/api/post_connect_token.go:90.4,91.10 2 1
github.com/posit-dev/publisher/internal/services/api/post_connect_token.go:95.3,95.38 1 1
github.com/posit-dev/publisher/internal/services/api/post_connect_token.go:95.38,97.4 1 1
github.com/posit-dev/publisher/internal/services/api/post_connect_token.go:100.3,107.46 2 1
github.com/posit-dev/publisher/internal/services/api/post_connect_token_user.go:18.75,19.56 1 1
github.com/posit-dev/publisher/internal/services/api/post_connect_token_user.go:19.56,28.17 5 1
github.com/posit-dev/publisher/internal/services/api/post_connect_token_user.go:28.17,31.4 2 0
github.com/posit-dev/publisher/internal/services/api/post_connect_token_user.go:34.3,42.17 3 1
github.com/posit-dev/publisher/internal/services/api/post_connect_token_user.go:42.17,45.4 2 1
github.com/posit-dev/publisher/internal/services/api/post_connect_token_user.go:48.3,49.17 2 0
github.com/posit-dev/publisher/internal/services/api/post_connect_token_user.go:49.17,54.55 2 0
github.com/posit-dev/publisher/internal/services/api/post_connect_token_user.go:54.55,56.5 1 0
github.com/posit-dev/publisher/internal/services/api/post_connect_token_user.go:59.4,59.101 1 0
github.com/posit-dev/publisher/internal/services/api/post_connect_token_user.go:59.101,61.5 1 0
github.com/posit-dev/publisher/internal/services/api/post_connect_token_user.go:63.4,63.22 1 0
github.com/posit-dev/publisher/internal/services/api/post_connect_token_user.go:63.22,67.5 2 0
github.com/posit-dev/publisher/internal/services/api/post_connect_token_user.go:69.4,70.10 2 0
github.com/posit-dev/publisher/internal/services/api/post_connect_token_user.go:74.3,74.37 1 0
github.com/posit-dev/publisher/internal/services/api/post_credentials.go:42.69,43.56 1 1
github.com/posit-dev/publisher/internal/services/api/post_credentials.go:43.56,49.17 5 1
github.com/posit-dev/publisher/internal/services/api/post_credentials.go:49.17,52.4 2 0
github.com/posit-dev/publisher/internal/services/api/post_credentials.go:54.3,55.17 2 1
github.com/posit-dev/publisher/internal/services/api/post_credentials.go:55.17,56.47 1 0
github.com/posit-dev/publisher/internal/services/api/post_credentials.go:56.47,57.61 1 0
github.com/posit-dev/publisher/internal/services/api/post_credentials.go:57.61,61.6 3 0
github.com/posit-dev/publisher/internal/services/api/post_credentials.go:63.4,64.10 2 0
github.com/posit-dev/publisher/internal/services/api/post_credentials.go:67.3,68.32 2 1
github.com/posit-dev/publisher/internal/services/api/post_credentials.go:68.32,71.4 2 1
github.com/posit-dev/publisher/internal/services/api/post_credentials.go:73.3,87.17 2 1
github.com/posit-dev/publisher/internal/services/api/post_credentials.go:87.17,88.67 1 1
github.com/posit-dev/publisher/internal/services/api/post_credentials.go:88.67,91.5 2 1
github.com/posit-dev/publisher/internal/services/api/post_credentials.go:92.4,93.10 2 0
github.com/posit-dev/publisher/internal/services/api/post_credentials.go:96.3,96.42 1 1
github.com/posit-dev/publisher/internal/services/api/post_deployment.go:43.43,45.56 1 1
github.com/posit-dev/publisher/internal/services/api/post_deployment.go:45.56,48.17 3 1
github.com/posit-dev/publisher/internal/services/api/post_deployment.go:48.17,51.4 1 0
github.com/posit-dev/publisher/internal/services/api/post_deployment.go:52.3,53.17 2 1
github.com/posit-dev/publisher/internal/services/api/post_deployment.go:53.17,56.4 1 0
github.com/posit-dev/publisher/internal/services/api/post_deployment.go:58.3,62.17 5 1
github.com/posit-dev/publisher/internal/services/api/post_deployment.go:62.17,65.4 2 1
github.com/posit-dev/publisher/internal/services/api/post_deployment.go:66.3,67.17 2 1
github.com/posit-dev/publisher/internal/services/api/post_deployment.go:67.17,70.4 2 0
github.com/posit-dev/publisher/internal/services/api/post_deployment.go:72.3,75.17 3 1
github.com/posit-dev/publisher/internal/services/api/post_deployment.go:75.17,76.51 1 1
github.com/posit-dev/publisher/internal/services/api/post_deployment.go:76.51,80.5 3 0
github.com/posit-dev/publisher/internal/services/api/post_deployment.go:81.4,81.50 1 1
github.com/posit-dev/publisher/internal/services/api/post_deployment.go:81.50,87.5 4 1
github.com/posit-dev/publisher/internal/services/api/post_deployment.go:88.4,88.47 1 1
github.com/posit-dev/publisher/internal/services/api/post_deployment.go:88.47,89.47 1 0
github.com/posit-dev/publisher/internal/services/api/post_deployment.go:89.47,94.6 4 0
github.com/posit-dev/publisher/internal/services/api/post_deployment.go:95.5,95.44 1 0
github.com/posit-dev/publisher/internal/services/api/post_deployment.go:95.44,100.6 4 0
github.com/posit-dev/publisher/internal/services/api/post_deployment.go:101.5,101.52 1 0
github.com/posit-dev/publisher/internal/services/api/post_deployment.go:101.52,107.6 5 0
github.com/posit-dev/publisher/internal/services/api/post_deployment.go:108.5,108.49 1 0
github.com/posit-dev/publisher/internal/services/api/post_deployment.go:108.49,114.6 5 0
github.com/posit-dev/publisher/internal/services/api/post_deployment.go:116.4,117.10 2 1
github.com/posit-dev/publisher/internal/services/api/post_deployment.go:119.3,133.17 10 1
github.com/posit-dev/publisher/internal/services/api/post_deployment.go:133.17,136.4 2 0
github.com/posit-dev/publisher/internal/services/api/post_deployment.go:138.3,138.13 1 1
github.com/posit-dev/publisher/internal/services/api/post_deployment.go:138.13,147.18 5 1
github.com/posit-dev/publisher/internal/services/api/post_deployment.go:147.18,150.5 2 1
github.com/posit-dev/publisher/internal/services/api/post_deployment_cancel.go:19.99,20.56 1 1
github.com/posit-dev/publisher/internal/services/api/post_deployment_cancel.go:20.56,23.17 3 1
github.com/posit-dev/publisher/internal/services/api/post_deployment_cancel.go:23.17,26.4 1 0
github.com/posit-dev/publisher/internal/services/api/post_deployment_cancel.go:27.3,29.17 3 1
github.com/posit-dev/publisher/internal/services/api/post_deployment_cancel.go:29.17,30.38 1 1
github.com/posit-dev/publisher/internal/services/api/post_deployment_cancel.go:30.38,32.5 1 1
github.com/posit-dev/publisher/internal/services/api/post_deployment_cancel.go:32.10,34.5 1 0
github.com/posit-dev/publisher/internal/services/api/post_deployment_cancel.go:35.4,35.10 1 1
github.com/posit-dev/publisher/internal/services/api/post_deployment_cancel.go:37.3,39.38 3 1
github.com/posit-dev/publisher/internal/services/api/post_inspect.go:30.143,32.22 2 1
github.com/posit-dev/publisher/internal/services/api/post_inspect.go:32.22,34.3 1 0
github.com/posit-dev/publisher/internal/services/api/post_inspect.go:35.2,36.16 2 1
github.com/posit-dev/publisher/internal/services/api/post_inspect.go:36.16,39.3 2 0
github.com/posit-dev/publisher/internal/services/api/post_inspect.go:40.2,41.16 2 1
github.com/posit-dev/publisher/internal/services/api/post_inspect.go:41.16,44.3 2 0
github.com/posit-dev/publisher/internal/services/api/post_inspect.go:45.2,45.13 1 1
github.com/posit-dev/publisher/internal/services/api/post_inspect.go:45.13,49.3 3 0
github.com/posit-dev/publisher/internal/services/api/post_inspect.go:51.2,52.16 2 1
github.com/posit-dev/publisher/internal/services/api/post_inspect.go:52.16,55.3 2 0
github.com/posit-dev/publisher/internal/services/api/post_inspect.go:56.2,56.27 1 1
github.com/posit-dev/publisher/internal/services/api/post_inspect.go:71.90,81.2 2 0
github.com/posit-dev/publisher/internal/services/api/post_inspect.go:83.79,85.16 2 1
github.com/posit-dev/publisher/internal/services/api/post_inspect.go:85.16,88.3 1 0
github.com/posit-dev/publisher/internal/services/api/post_inspect.go:91.2,92.16 2 1
github.com/posit-dev/publisher/internal/services/api/post_inspect.go:92.16,95.3 1 0
github.com/posit-dev/publisher/internal/services/api/post_inspect.go:98.2,106.48 6 1
github.com/posit-dev/publisher/internal/services/api/post_inspect.go:106.48,109.17 3 0
github.com/posit-dev/publisher/internal/services/api/post_inspect.go:109.17,112.4 2 0
github.com/posit-dev/publisher/internal/services/api/post_inspect.go:114.3,115.97 2 0
github.com/posit-dev/publisher/internal/services/api/post_inspect.go:115.97,116.18 1 0
github.com/posit-dev/publisher/internal/services/api/post_inspect.go:116.18,117.39 1 0
github.com/posit-dev/publisher/internal/services/api/post_inspect.go:117.39,119.6 1 0
github.com/posit-dev/publisher/internal/services/api/post_inspect.go:119.11,121.6 1 0
github.com/posit-dev/publisher/internal/services/api/post_inspect.go:123.4,123.21 1 0
github.com/posit-dev/publisher/internal/services/api/post_inspect.go:123.21,125.5 1 0
github.com/posit-dev/publisher/internal/services/api/post_inspect.go:126.4,126.31 1 0
github.com/posit-dev/publisher/internal/services/api/post_inspect.go:126.31,129.5 1 0
github.com/posit-dev/publisher/internal/services/api/post_inspect.go:130.4,131.18 2 0
github.com/posit-dev/publisher/internal/services/api/post_inspect.go:131.18,133.5 1 0
github.com/posit-dev/publisher/internal/services/api/post_inspect.go:134.4,138.18 4 0
github.com/posit-dev/publisher/internal/services/api/post_inspect.go:138.18,140.5 1 0
github.com/posit-dev/publisher/internal/services/api/post_inspect.go:142.4,144.32 2 0
github.com/posit-dev/publisher/internal/services/api/post_inspect.go:144.32,145.52 1 0
github.com/posit-dev/publisher/internal/services/api/post_inspect.go:145.52,147.14 2 0
github.com/posit-dev/publisher/internal/services/api/post_inspect.go:150.5,155.7 2 0
github.com/posit-dev/publisher/internal/services/api/post_inspect.go:157.4,157.14 1 0
github.com/posit-dev/publisher/internal/services/api/post_inspect.go:159.3,159.17 1 0
github.com/posit-dev/publisher/internal/services/api/post_inspect.go:159.17,160.80 1 0
github.com/posit-dev/publisher/internal/services/api/post_inspect.go:160.80,165.5 4 0
github.com/posit-dev/publisher/internal/services/api/post_inspect.go:166.4,167.10 2 0
github.com/posit-dev/publisher/internal/services/api/post_inspect.go:169.8,171.17 2 1
github.com/posit-dev/publisher/internal/services/api/post_inspect.go:171.17,174.4 1 0
github.com/posit-dev/publisher/internal/services/api/post_inspect.go:176.3,177.17 2 1
github.com/posit-dev/publisher/internal/services/api/post_inspect.go:177.17,178.80 1 0
github.com/posit-dev/publisher/internal/services/api/post_inspect.go:178.80,183.5 4 0
github.com/posit-dev/publisher/internal/services/api/post_inspect.go:184.4,185.10 2 0
github.com/posit-dev/publisher/internal/services/api/post_inspect.go:188.3,191.31 3 1
github.com/posit-dev/publisher/internal/services/api/post_inspect.go:191.31,197.4 2 1
github.com/posit-dev/publisher/internal/services/api/post_inspect.go:199.2,201.37 3 1
github.com/posit-dev/publisher/internal/services/api/post_packages_python_scan.go:36.114,41.2 1 1
github.com/posit-dev/publisher/internal/services/api/post_packages_python_scan.go:43.93,45.16 2 1
github.com/posit-dev/publisher/internal/services/api/post_packages_python_scan.go:45.16,48.3 1 0
github.com/posit-dev/publisher/internal/services/api/post_packages_python_scan.go:49.2,53.43 5 1
github.com/posit-dev/publisher/internal/services/api/post_packages_python_scan.go:53.43,56.3 2 0
github.com/posit-dev/publisher/internal/services/api/post_packages_python_scan.go:57.2,57.22 1 1
github.com/posit-dev/publisher/internal/services/api/post_packages_python_scan.go:57.22,59.3 1 1
github.com/posit-dev/publisher/internal/services/api/post_packages_python_scan.go:61.2,66.16 5 1
github.com/posit-dev/publisher/internal/services/api/post_packages_python_scan.go:66.16,69.3 2 0
github.com/posit-dev/publisher/internal/services/api/post_packages_python_scan.go:70.2,71.16 2 1
github.com/posit-dev/publisher/internal/services/api/post_packages_python_scan.go:71.16,74.3 2 0
github.com/posit-dev/publisher/internal/services/api/post_packages_python_scan.go:75.2,76.16 2 1
github.com/posit-dev/publisher/internal/services/api/post_packages_python_scan.go:76.16,77.79 1 1
github.com/posit-dev/publisher/internal/services/api/post_packages_python_scan.go:77.79,82.4 4 1
github.com/posit-dev/publisher/internal/services/api/post_packages_python_scan.go:84.3,85.9 2 1
github.com/posit-dev/publisher/internal/services/api/post_packages_python_scan.go:87.2,89.16 3 1
github.com/posit-dev/publisher/internal/services/api/post_packages_python_scan.go:89.16,92.3 2 0
github.com/posit-dev/publisher/internal/services/api/post_packages_python_scan.go:93.2,95.16 3 1
github.com/posit-dev/publisher/internal/services/api/post_packages_python_scan.go:95.16,98.3 2 0
github.com/posit-dev/publisher/internal/services/api/post_packages_python_scan.go:99.2,105.37 3 1
github.com/posit-dev/publisher/internal/services/api/post_test_credentials.go:36.74,37.56 1 1
github.com/posit-dev/publisher/internal/services/api/post_test_credentials.go:37.56,42.17 5 1
github.com/posit-dev/publisher/internal/services/api/post_test_credentials.go:42.17,45.4 2 0
github.com/posit-dev/publisher/internal/services/api/post_test_credentials.go:47.3,48.17 2 1
github.com/posit-dev/publisher/internal/services/api/post_test_credentials.go:48.17,52.4 2 0
github.com/posit-dev/publisher/internal/services/api/post_test_credentials.go:54.3,58.42 3 1
github.com/posit-dev/publisher/internal/services/api/post_test_credentials.go:58.42,68.18 4 1
github.com/posit-dev/publisher/internal/services/api/post_test_credentials.go:68.18,70.5 1 0
github.com/posit-dev/publisher/internal/services/api/post_test_credentials.go:72.4,73.24 2 1
github.com/posit-dev/publisher/internal/services/api/post_test_credentials.go:77.3,78.17 2 1
github.com/posit-dev/publisher/internal/services/api/post_test_credentials.go:78.17,90.4 5 1
github.com/posit-dev/publisher/internal/services/api/post_test_credentials.go:93.3,101.38 4 1
github.com/posit-dev/publisher/internal/services/api/reset_credentials.go:16.40,18.2 1 1
github.com/posit-dev/publisher/internal/services/api/reset_credentials.go:20.60,24.2 3 1
github.com/posit-dev/publisher/internal/services/api/reset_credentials.go:26.60,30.2 3 1
github.com/posit-dev/publisher/internal/services/api/reset_credentials.go:32.122,33.56 1 1
github.com/posit-dev/publisher/internal/services/api/reset_credentials.go:33.56,39.29 3 1
github.com/posit-dev/publisher/internal/services/api/reset_credentials.go:39.29,42.4 2 1
github.com/posit-dev/publisher/internal/services/api/reset_credentials.go:44.3,45.17 2 1
github.com/posit-dev/publisher/internal/services/api/reset_credentials.go:45.17,47.92 2 1
github.com/posit-dev/publisher/internal/services/api/reset_credentials.go:47.92,50.5 2 1
github.com/posit-dev/publisher/internal/services/api/reset_credentials.go:51.4,52.10 2 1
github.com/posit-dev/publisher/internal/services/api/reset_credentials.go:55.3,55.23 1 1
github.com/posit-dev/publisher/internal/services/api/reset_credentials.go:55.23,57.4 1 1
github.com/posit-dev/publisher/internal/services/api/reset_credentials.go:59.3,61.36 3 1
github.com/posit-dev/publisher/internal/initialize/initialize.go:32.40,34.2 1 0
github.com/posit-dev/publisher/internal/initialize/initialize.go:42.14,50.47 2 1
github.com/posit-dev/publisher/internal/initialize/initialize.go:50.47,52.3 1 0
github.com/posit-dev/publisher/internal/initialize/initialize.go:52.8,54.3 1 1
github.com/posit-dev/publisher/internal/initialize/initialize.go:55.2,55.43 1 1
github.com/posit-dev/publisher/internal/initialize/initialize.go:55.43,57.3 1 0
github.com/posit-dev/publisher/internal/initialize/initialize.go:57.8,59.3 1 1
github.com/posit-dev/publisher/internal/initialize/initialize.go:60.2,60.45 1 1
github.com/posit-dev/publisher/internal/initialize/initialize.go:60.45,62.3 1 0
github.com/posit-dev/publisher/internal/initialize/initialize.go:62.8,64.3 1 1
github.com/posit-dev/publisher/internal/initialize/initialize.go:65.2,65.38 1 1
github.com/posit-dev/publisher/internal/initialize/initialize.go:65.38,67.3 1 0
github.com/posit-dev/publisher/internal/initialize/initialize.go:67.8,69.3 1 1
github.com/posit-dev/publisher/internal/initialize/initialize.go:70.2,70.40 1 1
github.com/posit-dev/publisher/internal/initialize/initialize.go:70.40,72.3 1 0
github.com/posit-dev/publisher/internal/initialize/initialize.go:72.8,74.3 1 1
github.com/posit-dev/publisher/internal/initialize/initialize.go:75.2,75.19 1 1
github.com/posit-dev/publisher/internal/initialize/initialize.go:89.9,93.26 1 1
github.com/posit-dev/publisher/internal/initialize/initialize.go:93.26,96.27 2 1
github.com/posit-dev/publisher/internal/initialize/initialize.go:96.27,98.4 1 1
github.com/posit-dev/publisher/internal/initialize/initialize.go:101.2,102.21 2 1
github.com/posit-dev/publisher/internal/initialize/initialize.go:102.21,105.3 1 1
github.com/posit-dev/publisher/internal/initialize/initialize.go:108.2,108.25 1 1
github.com/posit-dev/publisher/internal/initialize/initialize.go:108.25,111.3 2 1
github.com/posit-dev/publisher/internal/initialize/initialize.go:111.8,113.3 1 1
github.com/posit-dev/publisher/internal/initialize/initialize.go:115.2,116.16 2 1
github.com/posit-dev/publisher/internal/initialize/initialize.go:116.16,119.3 2 0
github.com/posit-dev/publisher/internal/initialize/initialize.go:120.2,121.16 2 1
github.com/posit-dev/publisher/internal/initialize/initialize.go:121.16,124.3 2 0
github.com/posit-dev/publisher/internal/initialize/initialize.go:125.2,125.16 1 1
github.com/posit-dev/publisher/internal/initialize/initialize.go:125.16,128.17 3 1
github.com/posit-dev/publisher/internal/initialize/initialize.go:128.17,131.4 2 0
github.com/posit-dev/publisher/internal/initialize/initialize.go:132.3,132.71 1 1
github.com/posit-dev/publisher/internal/initialize/initialize.go:135.2,136.16 2 1
github.com/posit-dev/publisher/internal/initialize/initialize.go:136.16,139.3 2 0
github.com/posit-dev/publisher/internal/initialize/initialize.go:140.2,141.16 2 1
github.com/posit-dev/publisher/internal/initialize/initialize.go:141.16,144.3 2 0
github.com/posit-dev/publisher/internal/initialize/initialize.go:145.2,145.11 1 1
github.com/posit-dev/publisher/internal/initialize/initialize.go:145.11,147.17 2 1
github.com/posit-dev/publisher/internal/initialize/initialize.go:147.17,150.4 2 0
github.com/posit-dev/publisher/internal/initialize/initialize.go:153.3,153.19 1 1
github.com/posit-dev/publisher/internal/initialize/initialize.go:153.19,155.4 1 1
github.com/posit-dev/publisher/internal/initialize/initialize.go:157.3,157.32 1 1
github.com/posit-dev/publisher/internal/initialize/initialize.go:157.32,158.60 1 1
github.com/posit-dev/publisher/internal/initialize/initialize.go:158.60,160.5 1 0
github.com/posit-dev/publisher/internal/initialize/initialize.go:163.2,165.12 2 1
github.com/posit-dev/publisher/internal/initialize/initialize.go:173.48,178.16 4 1
github.com/posit-dev/publisher/internal/initialize/initialize.go:178.16,180.3 1 0
github.com/posit-dev/publisher/internal/initialize/initialize.go:182.2,182.30 1 1
github.com/posit-dev/publisher/internal/initialize/initialize.go:182.30,184.17 2 1
github.com/posit-dev/publisher/internal/initialize/initialize.go:184.17,186.4 1 0
github.com/posit-dev/publisher/internal/initialize/initialize.go:188.2,188.21 1 1
